{"timestamp": "2023-01-10 11:45:54.294006", "event_name": "train", "text": "Training completed (loss:0.0197)", "cpu%": 1.79, "ram_mb": 428.89}
{"timestamp": "2023-01-10 11:45:54.404092", "event_name": "prepare", "text": "Forecasting model creation:apssop_models/forecasting_model_smart_crane_ex1_c1", "cpu%": 6.27, "ram_mb": 432.7}
{"timestamp": "2023-01-10 11:45:54.513708", "event_name": "prepare", "text": "Forecasting model creation:apssop_models/forecasting_model_smart_crane_ex1_c1", "cpu%": 6.21, "ram_mb": 433.02}
{"timestamp": "2023-01-10 11:45:54.624665", "event_name": "forecast", "text": "Forecasting", "cpu%": 7.17, "ram_mb": 433.92}
{"timestamp": "2023-01-10 11:45:54.735381", "event_name": "forecast", "text": "Forecasting", "cpu%": 6.27, "ram_mb": 433.89}
{"timestamp": "2023-01-10 11:45:54.844181", "event_name": "forecast", "text": "Forecasting: 0/2230", "cpu%": 6.21, "ram_mb": 441.79}
{"timestamp": "2023-01-10 11:45:54.952703", "event_name": "forecast", "text": "Forecasting: 3/2230", "cpu%": 6.27, "ram_mb": 442.13}
{"timestamp": "2023-01-10 11:45:55.060759", "event_name": "forecast", "text": "Forecasting: 6/2230", "cpu%": 7.1, "ram_mb": 442.41}
{"timestamp": "2023-01-10 11:45:55.170571", "event_name": "forecast", "text": "Forecasting: 10/2230", "cpu%": 8.06, "ram_mb": 442.78}
{"timestamp": "2023-01-10 11:45:55.279782", "event_name": "forecast", "text": "Forecasting: 13/2230", "cpu%": 10.75, "ram_mb": 443.57}
{"timestamp": "2023-01-10 11:45:55.389756", "event_name": "forecast", "text": "Forecasting: 16/2230", "cpu%": 6.21, "ram_mb": 444.33}
{"timestamp": "2023-01-10 11:45:55.498085", "event_name": "forecast", "text": "Forecasting: 19/2230", "cpu%": 7.17, "ram_mb": 445.46}
{"timestamp": "2023-01-10 11:45:55.604995", "event_name": "forecast", "text": "Forecasting: 22/2230", "cpu%": 8.96, "ram_mb": 447.25}
{"timestamp": "2023-01-10 11:45:55.715936", "event_name": "forecast", "text": "Forecasting: 26/2230", "cpu%": 6.21, "ram_mb": 446.96}
{"timestamp": "2023-01-10 11:45:55.825421", "event_name": "forecast", "text": "Forecasting: 29/2230", "cpu%": 6.27, "ram_mb": 448.28}
{"timestamp": "2023-01-10 11:45:55.933603", "event_name": "forecast", "text": "Forecasting: 32/2230", "cpu%": 7.99, "ram_mb": 448.75}
{"timestamp": "2023-01-10 11:45:56.043133", "event_name": "forecast", "text": "Forecasting: 35/2230", "cpu%": 9.86, "ram_mb": 449.45}
{"timestamp": "2023-01-10 11:45:56.153094", "event_name": "forecast", "text": "Forecasting: 38/2230", "cpu%": 8.06, "ram_mb": 450.79}
{"timestamp": "2023-01-10 11:45:56.261469", "event_name": "forecast", "text": "Forecasting: 40/2230", "cpu%": 6.21, "ram_mb": 451.09}
{"timestamp": "2023-01-10 11:45:56.370852", "event_name": "forecast", "text": "Forecasting: 43/2230", "cpu%": 7.17, "ram_mb": 451.59}
{"timestamp": "2023-01-10 11:45:56.479893", "event_name": "forecast", "text": "Forecasting: 46/2230", "cpu%": 7.17, "ram_mb": 453.03}
{"timestamp": "2023-01-10 11:45:56.588833", "event_name": "forecast", "text": "Forecasting: 49/2230", "cpu%": 6.21, "ram_mb": 454.29}
{"timestamp": "2023-01-10 11:45:56.698659", "event_name": "forecast", "text": "Forecasting: 53/2230", "cpu%": 6.27, "ram_mb": 454.64}
{"timestamp": "2023-01-10 11:45:56.806528", "event_name": "forecast", "text": "Forecasting: 56/2230", "cpu%": 6.21, "ram_mb": 455.34}
{"timestamp": "2023-01-10 11:45:56.914629", "event_name": "forecast", "text": "Forecasting: 59/2230", "cpu%": 7.17, "ram_mb": 456.75}
{"timestamp": "2023-01-10 11:45:57.024971", "event_name": "forecast", "text": "Forecasting: 61/2230", "cpu%": 6.27, "ram_mb": 457.16}
{"timestamp": "2023-01-10 11:45:57.134889", "event_name": "forecast", "text": "Forecasting: 64/2230", "cpu%": 7.1, "ram_mb": 458.16}
{"timestamp": "2023-01-10 11:45:57.243883", "event_name": "forecast", "text": "Forecasting: 68/2230", "cpu%": 6.27, "ram_mb": 458.82}
{"timestamp": "2023-01-10 11:45:57.352449", "event_name": "forecast", "text": "Forecasting: 71/2230", "cpu%": 6.27, "ram_mb": 460.82}
{"timestamp": "2023-01-10 11:45:57.461484", "event_name": "forecast", "text": "Forecasting: 74/2230", "cpu%": 7.99, "ram_mb": 460.88}
{"timestamp": "2023-01-10 11:45:57.573158", "event_name": "forecast", "text": "Forecasting: 77/2230", "cpu%": 6.27, "ram_mb": 461.69}
{"timestamp": "2023-01-10 11:45:57.682722", "event_name": "forecast", "text": "Forecasting: 80/2230", "cpu%": 7.99, "ram_mb": 463.52}
{"timestamp": "2023-01-10 11:45:57.792567", "event_name": "forecast", "text": "Forecasting: 84/2230", "cpu%": 7.17, "ram_mb": 463.57}
{"timestamp": "2023-01-10 11:45:57.901382", "event_name": "forecast", "text": "Forecasting: 87/2230", "cpu%": 6.27, "ram_mb": 464.48}
{"timestamp": "2023-01-10 11:45:58.010853", "event_name": "forecast", "text": "Forecasting: 90/2230", "cpu%": 7.99, "ram_mb": 465.5}
{"timestamp": "2023-01-10 11:45:58.122050", "event_name": "forecast", "text": "Forecasting: 93/2230", "cpu%": 6.27, "ram_mb": 465.91}
{"timestamp": "2023-01-10 11:45:58.232180", "event_name": "forecast", "text": "Forecasting: 96/2230", "cpu%": 8.06, "ram_mb": 466.8}
{"timestamp": "2023-01-10 11:45:58.340284", "event_name": "forecast", "text": "Forecasting: 99/2230", "cpu%": 7.1, "ram_mb": 468.24}
{"timestamp": "2023-01-10 11:45:58.448333", "event_name": "forecast", "text": "Forecasting: 102/2230", "cpu%": 6.27, "ram_mb": 469.25}
{"timestamp": "2023-01-10 11:45:58.557973", "event_name": "forecast", "text": "Forecasting: 106/2230", "cpu%": 6.21, "ram_mb": 469.93}
{"timestamp": "2023-01-10 11:45:58.667631", "event_name": "forecast", "text": "Forecasting: 109/2230", "cpu%": 8.06, "ram_mb": 470.98}
{"timestamp": "2023-01-10 11:45:58.774132", "event_name": "forecast", "text": "Forecasting: 112/2230", "cpu%": 7.17, "ram_mb": 471.6}
{"timestamp": "2023-01-10 11:45:58.882845", "event_name": "forecast", "text": "Forecasting: 115/2230", "cpu%": 5.33, "ram_mb": 472.88}
{"timestamp": "2023-01-10 11:45:58.994432", "event_name": "forecast", "text": "Forecasting: 119/2230", "cpu%": 9.86, "ram_mb": 474.64}
{"timestamp": "2023-01-10 11:45:59.101471", "event_name": "forecast", "text": "Forecasting: 122/2230", "cpu%": 7.17, "ram_mb": 474.8}
{"timestamp": "2023-01-10 11:45:59.210900", "event_name": "forecast", "text": "Forecasting: 125/2230", "cpu%": 6.21, "ram_mb": 475.44}
{"timestamp": "2023-01-10 11:45:59.319840", "event_name": "forecast", "text": "Forecasting: 128/2230", "cpu%": 7.17, "ram_mb": 476.71}
{"timestamp": "2023-01-10 11:45:59.430186", "event_name": "forecast", "text": "Forecasting: 131/2230", "cpu%": 7.1, "ram_mb": 477.71}
{"timestamp": "2023-01-10 11:45:59.540120", "event_name": "forecast", "text": "Forecasting: 134/2230", "cpu%": 6.27, "ram_mb": 477.99}
{"timestamp": "2023-01-10 11:45:59.649241", "event_name": "forecast", "text": "Forecasting: 138/2230", "cpu%": 6.27, "ram_mb": 478.89}
{"timestamp": "2023-01-10 11:45:59.756240", "event_name": "forecast", "text": "Forecasting: 141/2230", "cpu%": 5.19, "ram_mb": 479.5}
{"timestamp": "2023-01-10 11:45:59.861273", "event_name": "forecast", "text": "Forecasting: 144/2230", "cpu%": 7.17, "ram_mb": 479.85}
{"timestamp": "2023-01-10 11:45:59.970689", "event_name": "forecast", "text": "Forecasting: 147/2230", "cpu%": 6.21, "ram_mb": 481.29}
{"timestamp": "2023-01-10 11:46:00.078357", "event_name": "forecast", "text": "Forecasting: 150/2230", "cpu%": 6.27, "ram_mb": 482.21}
{"timestamp": "2023-01-10 11:46:00.187087", "event_name": "forecast", "text": "Forecasting: 153/2230", "cpu%": 6.21, "ram_mb": 483.25}
{"timestamp": "2023-01-10 11:46:00.295721", "event_name": "forecast", "text": "Forecasting: 156/2230", "cpu%": 7.17, "ram_mb": 484.79}
{"timestamp": "2023-01-10 11:46:00.403446", "event_name": "forecast", "text": "Forecasting: 160/2230", "cpu%": 8.06, "ram_mb": 484.78}
{"timestamp": "2023-01-10 11:46:00.514158", "event_name": "forecast", "text": "Forecasting: 163/2230", "cpu%": 6.21, "ram_mb": 485.81}
{"timestamp": "2023-01-10 11:46:00.625929", "event_name": "forecast", "text": "Forecasting: 166/2230", "cpu%": 10.75, "ram_mb": 487.59}
{"timestamp": "2023-01-10 11:46:00.732598", "event_name": "forecast", "text": "Forecasting: 169/2230", "cpu%": 6.27, "ram_mb": 488.46}
{"timestamp": "2023-01-10 11:46:00.840867", "event_name": "forecast", "text": "Forecasting: 172/2230", "cpu%": 6.21, "ram_mb": 489.59}
{"timestamp": "2023-01-10 11:46:00.950475", "event_name": "forecast", "text": "Forecasting: 176/2230", "cpu%": 6.27, "ram_mb": 490.23}
{"timestamp": "2023-01-10 11:46:01.057479", "event_name": "forecast", "text": "Forecasting: 179/2230", "cpu%": 6.21, "ram_mb": 491.02}
{"timestamp": "2023-01-10 11:46:01.166063", "event_name": "forecast", "text": "Forecasting: 182/2230", "cpu%": 8.06, "ram_mb": 491.3}
{"timestamp": "2023-01-10 11:46:01.275720", "event_name": "forecast", "text": "Forecasting: 185/2230", "cpu%": 6.27, "ram_mb": 493.14}
{"timestamp": "2023-01-10 11:46:01.386696", "event_name": "forecast", "text": "Forecasting: 188/2230", "cpu%": 7.1, "ram_mb": 493.88}
{"timestamp": "2023-01-10 11:46:01.495452", "event_name": "forecast", "text": "Forecasting: 191/2230", "cpu%": 7.17, "ram_mb": 494.61}
{"timestamp": "2023-01-10 11:46:01.606676", "event_name": "forecast", "text": "Forecasting: 194/2230", "cpu%": 6.27, "ram_mb": 495.57}
{"timestamp": "2023-01-10 11:46:01.714670", "event_name": "forecast", "text": "Forecasting: 198/2230", "cpu%": 7.1, "ram_mb": 496.17}
{"timestamp": "2023-01-10 11:46:01.823171", "event_name": "forecast", "text": "Forecasting: 201/2230", "cpu%": 6.27, "ram_mb": 496.18}
{"timestamp": "2023-01-10 11:46:01.932032", "event_name": "forecast", "text": "Forecasting: 204/2230", "cpu%": 7.1, "ram_mb": 497.82}
{"timestamp": "2023-01-10 11:46:02.040577", "event_name": "forecast", "text": "Forecasting: 207/2230", "cpu%": 9.86, "ram_mb": 498.89}
{"timestamp": "2023-01-10 11:46:02.151954", "event_name": "forecast", "text": "Forecasting: 208/2230", "cpu%": 5.38, "ram_mb": 499.53}
{"timestamp": "2023-01-10 11:46:02.260914", "event_name": "forecast", "text": "Forecasting: 212/2230", "cpu%": 7.1, "ram_mb": 500.09}
{"timestamp": "2023-01-10 11:46:02.369887", "event_name": "forecast", "text": "Forecasting: 215/2230", "cpu%": 5.38, "ram_mb": 500.72}
{"timestamp": "2023-01-10 11:46:02.478570", "event_name": "forecast", "text": "Forecasting: 216/2230", "cpu%": 6.27, "ram_mb": 500.98}
{"timestamp": "2023-01-10 11:46:02.602216", "event_name": "forecast", "text": "Forecasting: 219/2230", "cpu%": 6.25, "ram_mb": 468.72}
{"timestamp": "2023-01-10 11:46:02.710788", "event_name": "forecast", "text": "Forecasting: 222/2230", "cpu%": 7.99, "ram_mb": 468.72}
{"timestamp": "2023-01-10 11:46:02.821718", "event_name": "forecast", "text": "Forecasting: 225/2230", "cpu%": 6.27, "ram_mb": 468.94}
{"timestamp": "2023-01-10 11:46:02.929220", "event_name": "forecast", "text": "Forecasting: 228/2230", "cpu%": 6.21, "ram_mb": 468.72}
{"timestamp": "2023-01-10 11:46:03.038312", "event_name": "forecast", "text": "Forecasting: 230/2230", "cpu%": 6.27, "ram_mb": 469.02}
{"timestamp": "2023-01-10 11:46:03.147114", "event_name": "forecast", "text": "Forecasting: 234/2230", "cpu%": 6.23, "ram_mb": 468.73}
{"timestamp": "2023-01-10 11:46:03.255724", "event_name": "forecast", "text": "Forecasting: 237/2230", "cpu%": 6.27, "ram_mb": 468.73}
{"timestamp": "2023-01-10 11:46:03.364807", "event_name": "forecast", "text": "Forecasting: 240/2230", "cpu%": 6.27, "ram_mb": 468.73}
{"timestamp": "2023-01-10 11:46:03.471856", "event_name": "forecast", "text": "Forecasting: 243/2230", "cpu%": 6.21, "ram_mb": 468.96}
{"timestamp": "2023-01-10 11:46:03.580124", "event_name": "forecast", "text": "Forecasting: 246/2230", "cpu%": 6.27, "ram_mb": 469.22}
{"timestamp": "2023-01-10 11:46:03.687469", "event_name": "forecast", "text": "Forecasting: 249/2230", "cpu%": 6.21, "ram_mb": 469.53}
{"timestamp": "2023-01-10 11:46:03.795999", "event_name": "forecast", "text": "Forecasting: 253/2230", "cpu%": 6.27, "ram_mb": 469.49}
{"timestamp": "2023-01-10 11:46:03.906413", "event_name": "forecast", "text": "Forecasting: 256/2230", "cpu%": 6.27, "ram_mb": 469.49}
{"timestamp": "2023-01-10 11:46:04.017727", "event_name": "forecast", "text": "Forecasting: 259/2230", "cpu%": 6.21, "ram_mb": 469.92}
{"timestamp": "2023-01-10 11:46:04.126470", "event_name": "forecast", "text": "Forecasting: 261/2230", "cpu%": 5.38, "ram_mb": 470.22}
{"timestamp": "2023-01-10 11:46:04.235503", "event_name": "forecast", "text": "Forecasting: 264/2230", "cpu%": 7.17, "ram_mb": 470.37}
{"timestamp": "2023-01-10 11:46:04.342781", "event_name": "forecast", "text": "Forecasting: 267/2230", "cpu%": 7.1, "ram_mb": 470.93}
{"timestamp": "2023-01-10 11:46:04.453630", "event_name": "forecast", "text": "Forecasting: 270/2230", "cpu%": 7.17, "ram_mb": 472.48}
{"timestamp": "2023-01-10 11:46:04.563484", "event_name": "forecast", "text": "Forecasting: 273/2230", "cpu%": 7.1, "ram_mb": 472.61}
{"timestamp": "2023-01-10 11:46:04.673529", "event_name": "forecast", "text": "Forecasting: 277/2230", "cpu%": 6.27, "ram_mb": 472.95}
{"timestamp": "2023-01-10 11:46:04.780562", "event_name": "forecast", "text": "Forecasting: 279/2230", "cpu%": 8.06, "ram_mb": 473.5}
{"timestamp": "2023-01-10 11:46:04.888330", "event_name": "forecast", "text": "Forecasting: 283/2230", "cpu%": 7.99, "ram_mb": 473.81}
{"timestamp": "2023-01-10 11:46:04.996241", "event_name": "forecast", "text": "Forecasting: 286/2230", "cpu%": 6.27, "ram_mb": 473.99}
{"timestamp": "2023-01-10 11:46:05.104919", "event_name": "forecast", "text": "Forecasting: 289/2230", "cpu%": 6.27, "ram_mb": 475.3}
{"timestamp": "2023-01-10 11:46:05.214928", "event_name": "forecast", "text": "Forecasting: 292/2230", "cpu%": 6.21, "ram_mb": 476.02}
{"timestamp": "2023-01-10 11:46:05.325078", "event_name": "forecast", "text": "Forecasting: 295/2230", "cpu%": 6.27, "ram_mb": 476.47}
{"timestamp": "2023-01-10 11:46:05.433912", "event_name": "forecast", "text": "Forecasting: 297/2230", "cpu%": 6.21, "ram_mb": 476.98}
{"timestamp": "2023-01-10 11:46:05.542205", "event_name": "forecast", "text": "Forecasting: 301/2230", "cpu%": 7.17, "ram_mb": 477.27}
{"timestamp": "2023-01-10 11:46:05.652197", "event_name": "forecast", "text": "Forecasting: 304/2230", "cpu%": 6.27, "ram_mb": 478.03}
{"timestamp": "2023-01-10 11:46:05.761396", "event_name": "forecast", "text": "Forecasting: 307/2230", "cpu%": 6.21, "ram_mb": 479.0}
{"timestamp": "2023-01-10 11:46:05.872718", "event_name": "forecast", "text": "Forecasting: 310/2230", "cpu%": 6.27, "ram_mb": 480.2}
{"timestamp": "2023-01-10 11:46:05.981543", "event_name": "forecast", "text": "Forecasting: 313/2230", "cpu%": 7.17, "ram_mb": 480.29}
{"timestamp": "2023-01-10 11:46:06.088539", "event_name": "forecast", "text": "Forecasting: 316/2230", "cpu%": 5.33, "ram_mb": 480.62}
{"timestamp": "2023-01-10 11:46:06.198074", "event_name": "forecast", "text": "Forecasting: 319/2230", "cpu%": 7.17, "ram_mb": 480.77}
{"timestamp": "2023-01-10 11:46:06.307901", "event_name": "forecast", "text": "Forecasting: 323/2230", "cpu%": 6.21, "ram_mb": 480.86}
{"timestamp": "2023-01-10 11:46:06.416468", "event_name": "forecast", "text": "Forecasting: 326/2230", "cpu%": 7.17, "ram_mb": 481.42}
{"timestamp": "2023-01-10 11:46:06.527517", "event_name": "forecast", "text": "Forecasting: 329/2230", "cpu%": 6.27, "ram_mb": 481.88}
{"timestamp": "2023-01-10 11:46:06.638588", "event_name": "forecast", "text": "Forecasting: 332/2230", "cpu%": 6.21, "ram_mb": 482.4}
{"timestamp": "2023-01-10 11:46:06.748889", "event_name": "forecast", "text": "Forecasting: 336/2230", "cpu%": 6.27, "ram_mb": 483.5}
{"timestamp": "2023-01-10 11:46:06.858565", "event_name": "forecast", "text": "Forecasting: 339/2230", "cpu%": 5.38, "ram_mb": 484.45}
{"timestamp": "2023-01-10 11:46:06.967621", "event_name": "forecast", "text": "Forecasting: 342/2230", "cpu%": 6.21, "ram_mb": 484.52}
{"timestamp": "2023-01-10 11:46:07.076637", "event_name": "forecast", "text": "Forecasting: 345/2230", "cpu%": 9.86, "ram_mb": 486.02}
{"timestamp": "2023-01-10 11:46:07.184450", "event_name": "forecast", "text": "Forecasting: 348/2230", "cpu%": 6.21, "ram_mb": 487.59}
{"timestamp": "2023-01-10 11:46:07.293309", "event_name": "forecast", "text": "Forecasting: 351/2230", "cpu%": 6.27, "ram_mb": 487.89}
{"timestamp": "2023-01-10 11:46:07.402978", "event_name": "forecast", "text": "Forecasting: 355/2230", "cpu%": 6.27, "ram_mb": 488.05}
{"timestamp": "2023-01-10 11:46:07.510338", "event_name": "forecast", "text": "Forecasting: 358/2230", "cpu%": 7.1, "ram_mb": 488.75}
{"timestamp": "2023-01-10 11:46:07.621507", "event_name": "forecast", "text": "Forecasting: 361/2230", "cpu%": 8.06, "ram_mb": 490.15}
{"timestamp": "2023-01-10 11:46:07.731780", "event_name": "forecast", "text": "Forecasting: 364/2230", "cpu%": 6.27, "ram_mb": 491.88}
{"timestamp": "2023-01-10 11:46:07.840121", "event_name": "forecast", "text": "Forecasting: 368/2230", "cpu%": 8.88, "ram_mb": 492.8}
{"timestamp": "2023-01-10 11:46:07.949135", "event_name": "forecast", "text": "Forecasting: 371/2230", "cpu%": 6.27, "ram_mb": 492.8}
{"timestamp": "2023-01-10 11:46:08.059658", "event_name": "forecast", "text": "Forecasting: 374/2230", "cpu%": 6.21, "ram_mb": 493.66}
{"timestamp": "2023-01-10 11:46:08.164512", "event_name": "forecast", "text": "Forecasting: 377/2230", "cpu%": 7.17, "ram_mb": 494.27}
{"timestamp": "2023-01-10 11:46:08.273064", "event_name": "forecast", "text": "Forecasting: 380/2230", "cpu%": 8.06, "ram_mb": 494.79}
{"timestamp": "2023-01-10 11:46:08.383464", "event_name": "forecast", "text": "Forecasting: 383/2230", "cpu%": 6.21, "ram_mb": 495.05}
{"timestamp": "2023-01-10 11:46:08.491524", "event_name": "forecast", "text": "Forecasting: 386/2230", "cpu%": 6.27, "ram_mb": 496.49}
{"timestamp": "2023-01-10 11:46:08.601059", "event_name": "forecast", "text": "Forecasting: 389/2230", "cpu%": 7.17, "ram_mb": 497.12}
{"timestamp": "2023-01-10 11:46:08.708337", "event_name": "forecast", "text": "Forecasting: 393/2230", "cpu%": 6.23, "ram_mb": 497.23}
{"timestamp": "2023-01-10 11:46:08.818043", "event_name": "forecast", "text": "Forecasting: 396/2230", "cpu%": 6.21, "ram_mb": 498.53}
{"timestamp": "2023-01-10 11:46:08.925948", "event_name": "forecast", "text": "Forecasting: 399/2230", "cpu%": 6.27, "ram_mb": 498.64}
{"timestamp": "2023-01-10 11:46:09.033310", "event_name": "forecast", "text": "Forecasting: 402/2230", "cpu%": 7.17, "ram_mb": 499.69}
{"timestamp": "2023-01-10 11:46:09.142127", "event_name": "forecast", "text": "Forecasting: 405/2230", "cpu%": 6.21, "ram_mb": 501.29}
{"timestamp": "2023-01-10 11:46:09.250563", "event_name": "forecast", "text": "Forecasting: 408/2230", "cpu%": 8.06, "ram_mb": 501.58}
{"timestamp": "2023-01-10 11:46:09.357832", "event_name": "forecast", "text": "Forecasting: 412/2230", "cpu%": 6.27, "ram_mb": 501.88}
{"timestamp": "2023-01-10 11:46:09.466842", "event_name": "forecast", "text": "Forecasting: 415/2230", "cpu%": 6.21, "ram_mb": 502.71}
{"timestamp": "2023-01-10 11:46:09.575880", "event_name": "forecast", "text": "Forecasting: 418/2230", "cpu%": 6.27, "ram_mb": 503.08}
{"timestamp": "2023-01-10 11:46:09.685924", "event_name": "forecast", "text": "Forecasting: 421/2230", "cpu%": 7.99, "ram_mb": 504.6}
{"timestamp": "2023-01-10 11:46:09.796627", "event_name": "forecast", "text": "Forecasting: 424/2230", "cpu%": 9.86, "ram_mb": 505.59}
{"timestamp": "2023-01-10 11:46:09.904396", "event_name": "forecast", "text": "Forecasting: 428/2230", "cpu%": 6.27, "ram_mb": 505.41}
{"timestamp": "2023-01-10 11:46:10.014473", "event_name": "forecast", "text": "Forecasting: 431/2230", "cpu%": 7.99, "ram_mb": 506.3}
{"timestamp": "2023-01-10 11:46:10.122699", "event_name": "forecast", "text": "Forecasting: 434/2230", "cpu%": 7.17, "ram_mb": 507.8}
{"timestamp": "2023-01-10 11:46:10.232332", "event_name": "forecast", "text": "Forecasting: 437/2230", "cpu%": 7.17, "ram_mb": 507.95}
{"timestamp": "2023-01-10 11:46:10.341406", "event_name": "forecast", "text": "Forecasting: 440/2230", "cpu%": 7.1, "ram_mb": 509.43}
{"timestamp": "2023-01-10 11:46:10.449279", "event_name": "forecast", "text": "Forecasting: 443/2230", "cpu%": 9.86, "ram_mb": 510.24}
{"timestamp": "2023-01-10 11:46:10.559288", "event_name": "forecast", "text": "Forecasting: 445/2230", "cpu%": 6.21, "ram_mb": 510.85}
{"timestamp": "2023-01-10 11:46:10.669302", "event_name": "forecast", "text": "Forecasting: 448/2230", "cpu%": 7.17, "ram_mb": 511.71}
{"timestamp": "2023-01-10 11:46:10.777144", "event_name": "forecast", "text": "Forecasting: 452/2230", "cpu%": 7.17, "ram_mb": 512.72}
{"timestamp": "2023-01-10 11:46:10.885198", "event_name": "forecast", "text": "Forecasting: 455/2230", "cpu%": 7.1, "ram_mb": 513.29}
{"timestamp": "2023-01-10 11:46:10.994183", "event_name": "forecast", "text": "Forecasting: 458/2230", "cpu%": 7.17, "ram_mb": 514.07}
{"timestamp": "2023-01-10 11:46:11.104207", "event_name": "forecast", "text": "Forecasting: 461/2230", "cpu%": 11.65, "ram_mb": 516.05}
{"timestamp": "2023-01-10 11:46:11.214198", "event_name": "forecast", "text": "Forecasting: 464/2230", "cpu%": 6.21, "ram_mb": 516.75}
{"timestamp": "2023-01-10 11:46:11.324194", "event_name": "forecast", "text": "Forecasting: 468/2230", "cpu%": 12.54, "ram_mb": 516.61}
{"timestamp": "2023-01-10 11:46:11.431290", "event_name": "forecast", "text": "Forecasting: 471/2230", "cpu%": 7.1, "ram_mb": 517.75}
{"timestamp": "2023-01-10 11:46:11.540290", "event_name": "forecast", "text": "Forecasting: 474/2230", "cpu%": 8.06, "ram_mb": 518.8}
{"timestamp": "2023-01-10 11:46:11.651477", "event_name": "forecast", "text": "Forecasting: 476/2230", "cpu%": 7.17, "ram_mb": 518.8}
{"timestamp": "2023-01-10 11:46:11.761399", "event_name": "forecast", "text": "Forecasting: 479/2230", "cpu%": 6.21, "ram_mb": 519.52}
{"timestamp": "2023-01-10 11:46:11.870195", "event_name": "forecast", "text": "Forecasting: 482/2230", "cpu%": 7.17, "ram_mb": 520.69}
{"timestamp": "2023-01-10 11:46:11.981566", "event_name": "forecast", "text": "Forecasting: 485/2230", "cpu%": 6.27, "ram_mb": 521.56}
{"timestamp": "2023-01-10 11:46:12.091249", "event_name": "forecast", "text": "Forecasting: 489/2230", "cpu%": 7.1, "ram_mb": 522.92}
{"timestamp": "2023-01-10 11:46:12.201077", "event_name": "forecast", "text": "Forecasting: 492/2230", "cpu%": 5.38, "ram_mb": 523.71}
{"timestamp": "2023-01-10 11:46:12.309165", "event_name": "forecast", "text": "Forecasting: 495/2230", "cpu%": 8.88, "ram_mb": 523.71}
{"timestamp": "2023-01-10 11:46:12.418259", "event_name": "forecast", "text": "Forecasting: 498/2230", "cpu%": 7.17, "ram_mb": 524.54}
{"timestamp": "2023-01-10 11:46:12.526875", "event_name": "forecast", "text": "Forecasting: 501/2230", "cpu%": 7.17, "ram_mb": 525.95}
{"timestamp": "2023-01-10 11:46:12.636903", "event_name": "forecast", "text": "Forecasting: 504/2230", "cpu%": 6.21, "ram_mb": 526.0}
{"timestamp": "2023-01-10 11:46:12.747287", "event_name": "forecast", "text": "Forecasting: 507/2230", "cpu%": 8.06, "ram_mb": 527.04}
{"timestamp": "2023-01-10 11:46:12.858130", "event_name": "forecast", "text": "Forecasting: 510/2230", "cpu%": 6.27, "ram_mb": 529.06}
{"timestamp": "2023-01-10 11:46:12.968397", "event_name": "forecast", "text": "Forecasting: 514/2230", "cpu%": 6.21, "ram_mb": 528.93}
{"timestamp": "2023-01-10 11:46:13.076484", "event_name": "forecast", "text": "Forecasting: 517/2230", "cpu%": 6.27, "ram_mb": 529.44}
{"timestamp": "2023-01-10 11:46:13.185553", "event_name": "forecast", "text": "Forecasting: 520/2230", "cpu%": 13.32, "ram_mb": 530.07}
{"timestamp": "2023-01-10 11:46:13.294387", "event_name": "forecast", "text": "Forecasting: 523/2230", "cpu%": 6.27, "ram_mb": 531.2}
{"timestamp": "2023-01-10 11:46:13.402667", "event_name": "forecast", "text": "Forecasting: 526/2230", "cpu%": 6.27, "ram_mb": 532.47}
{"timestamp": "2023-01-10 11:46:13.511683", "event_name": "forecast", "text": "Forecasting: 528/2230", "cpu%": 7.1, "ram_mb": 532.23}
{"timestamp": "2023-01-10 11:46:13.621117", "event_name": "forecast", "text": "Forecasting: 531/2230", "cpu%": 7.17, "ram_mb": 533.31}
{"timestamp": "2023-01-10 11:46:13.730863", "event_name": "forecast", "text": "Forecasting: 534/2230", "cpu%": 6.27, "ram_mb": 534.62}
{"timestamp": "2023-01-10 11:46:13.840786", "event_name": "forecast", "text": "Forecasting: 537/2230", "cpu%": 7.1, "ram_mb": 535.7}
{"timestamp": "2023-01-10 11:46:13.949805", "event_name": "forecast", "text": "Forecasting: 541/2230", "cpu%": 7.17, "ram_mb": 535.63}
{"timestamp": "2023-01-10 11:46:14.059222", "event_name": "forecast", "text": "Forecasting: 544/2230", "cpu%": 6.21, "ram_mb": 536.28}
{"timestamp": "2023-01-10 11:46:14.167288", "event_name": "forecast", "text": "Forecasting: 547/2230", "cpu%": 6.27, "ram_mb": 537.88}
{"timestamp": "2023-01-10 11:46:14.277177", "event_name": "forecast", "text": "Forecasting: 550/2230", "cpu%": 6.27, "ram_mb": 538.75}
{"timestamp": "2023-01-10 11:46:14.385047", "event_name": "forecast", "text": "Forecasting: 553/2230", "cpu%": 7.1, "ram_mb": 540.35}
{"timestamp": "2023-01-10 11:46:14.495787", "event_name": "forecast", "text": "Forecasting: 557/2230", "cpu%": 6.27, "ram_mb": 540.69}
{"timestamp": "2023-01-10 11:46:14.605564", "event_name": "forecast", "text": "Forecasting: 560/2230", "cpu%": 12.54, "ram_mb": 541.37}
{"timestamp": "2023-01-10 11:46:14.716634", "event_name": "forecast", "text": "Forecasting: 563/2230", "cpu%": 6.21, "ram_mb": 542.11}
{"timestamp": "2023-01-10 11:46:14.827205", "event_name": "forecast", "text": "Forecasting: 566/2230", "cpu%": 6.27, "ram_mb": 542.89}
{"timestamp": "2023-01-10 11:46:14.934855", "event_name": "forecast", "text": "Forecasting: 569/2230", "cpu%": 6.21, "ram_mb": 543.44}
{"timestamp": "2023-01-10 11:46:15.043999", "event_name": "forecast", "text": "Forecasting: 572/2230", "cpu%": 7.17, "ram_mb": 544.51}
{"timestamp": "2023-01-10 11:46:15.153034", "event_name": "forecast", "text": "Forecasting: 575/2230", "cpu%": 9.86, "ram_mb": 545.59}
{"timestamp": "2023-01-10 11:46:15.262827", "event_name": "forecast", "text": "Forecasting: 579/2230", "cpu%": 7.99, "ram_mb": 546.5}
{"timestamp": "2023-01-10 11:46:15.370831", "event_name": "forecast", "text": "Forecasting: 582/2230", "cpu%": 6.27, "ram_mb": 547.0}
{"timestamp": "2023-01-10 11:46:15.478594", "event_name": "forecast", "text": "Forecasting: 585/2230", "cpu%": 7.17, "ram_mb": 547.96}
{"timestamp": "2023-01-10 11:46:15.587871", "event_name": "forecast", "text": "Forecasting: 588/2230", "cpu%": 6.21, "ram_mb": 548.72}
{"timestamp": "2023-01-10 11:46:15.697689", "event_name": "forecast", "text": "Forecasting: 591/2230", "cpu%": 7.17, "ram_mb": 549.84}
{"timestamp": "2023-01-10 11:46:15.806394", "event_name": "forecast", "text": "Forecasting: 594/2230", "cpu%": 6.21, "ram_mb": 551.16}
{"timestamp": "2023-01-10 11:46:15.915019", "event_name": "forecast", "text": "Forecasting: 598/2230", "cpu%": 6.27, "ram_mb": 551.54}
{"timestamp": "2023-01-10 11:46:16.024231", "event_name": "forecast", "text": "Forecasting: 601/2230", "cpu%": 6.27, "ram_mb": 552.18}
{"timestamp": "2023-01-10 11:46:16.134176", "event_name": "forecast", "text": "Forecasting: 604/2230", "cpu%": 6.21, "ram_mb": 553.25}
{"timestamp": "2023-01-10 11:46:16.243069", "event_name": "forecast", "text": "Forecasting: 607/2230", "cpu%": 7.17, "ram_mb": 554.34}
{"timestamp": "2023-01-10 11:46:16.352450", "event_name": "forecast", "text": "Forecasting: 610/2230", "cpu%": 8.96, "ram_mb": 554.38}
{"timestamp": "2023-01-10 11:46:16.460218", "event_name": "forecast", "text": "Forecasting: 613/2230", "cpu%": 7.1, "ram_mb": 555.45}
{"timestamp": "2023-01-10 11:46:16.568180", "event_name": "forecast", "text": "Forecasting: 616/2230", "cpu%": 6.23, "ram_mb": 556.06}
{"timestamp": "2023-01-10 11:46:16.677222", "event_name": "forecast", "text": "Forecasting: 619/2230", "cpu%": 6.27, "ram_mb": 556.78}
{"timestamp": "2023-01-10 11:46:16.783665", "event_name": "forecast", "text": "Forecasting: 622/2230", "cpu%": 7.17, "ram_mb": 558.08}
{"timestamp": "2023-01-10 11:46:16.893254", "event_name": "forecast", "text": "Forecasting: 626/2230", "cpu%": 9.76, "ram_mb": 559.12}
{"timestamp": "2023-01-10 11:46:17.003034", "event_name": "forecast", "text": "Forecasting: 629/2230", "cpu%": 6.27, "ram_mb": 559.12}
{"timestamp": "2023-01-10 11:46:17.112545", "event_name": "forecast", "text": "Forecasting: 631/2230", "cpu%": 6.27, "ram_mb": 559.45}
{"timestamp": "2023-01-10 11:46:17.220858", "event_name": "forecast", "text": "Forecasting: 634/2230", "cpu%": 9.77, "ram_mb": 561.88}
{"timestamp": "2023-01-10 11:46:17.328984", "event_name": "forecast", "text": "Forecasting: 637/2230", "cpu%": 7.17, "ram_mb": 562.57}
{"timestamp": "2023-01-10 11:46:17.437956", "event_name": "forecast", "text": "Forecasting: 641/2230", "cpu%": 6.21, "ram_mb": 563.8}
{"timestamp": "2023-01-10 11:46:17.547047", "event_name": "forecast", "text": "Forecasting: 644/2230", "cpu%": 8.06, "ram_mb": 564.94}
{"timestamp": "2023-01-10 11:46:17.656150", "event_name": "forecast", "text": "Forecasting: 647/2230", "cpu%": 6.27, "ram_mb": 565.41}
{"timestamp": "2023-01-10 11:46:17.766195", "event_name": "forecast", "text": "Forecasting: 650/2230", "cpu%": 5.33, "ram_mb": 565.83}
{"timestamp": "2023-01-10 11:46:17.876618", "event_name": "forecast", "text": "Forecasting: 653/2230", "cpu%": 6.27, "ram_mb": 567.66}
{"timestamp": "2023-01-10 11:46:17.984917", "event_name": "forecast", "text": "Forecasting: 656/2230", "cpu%": 7.17, "ram_mb": 568.44}
{"timestamp": "2023-01-10 11:46:18.092820", "event_name": "forecast", "text": "Forecasting: 659/2230", "cpu%": 5.33, "ram_mb": 569.13}
{"timestamp": "2023-01-10 11:46:18.201246", "event_name": "forecast", "text": "Forecasting: 662/2230", "cpu%": 9.86, "ram_mb": 569.54}
{"timestamp": "2023-01-10 11:46:18.310041", "event_name": "forecast", "text": "Forecasting: 666/2230", "cpu%": 6.21, "ram_mb": 569.32}
{"timestamp": "2023-01-10 11:46:18.419890", "event_name": "forecast", "text": "Forecasting: 669/2230", "cpu%": 6.27, "ram_mb": 570.74}
{"timestamp": "2023-01-10 11:46:18.529009", "event_name": "forecast", "text": "Forecasting: 672/2230", "cpu%": 7.17, "ram_mb": 571.72}
{"timestamp": "2023-01-10 11:46:18.639007", "event_name": "forecast", "text": "Forecasting: 674/2230", "cpu%": 7.99, "ram_mb": 572.8}
{"timestamp": "2023-01-10 11:46:18.746033", "event_name": "forecast", "text": "Forecasting: 677/2230", "cpu%": 7.17, "ram_mb": 573.35}
{"timestamp": "2023-01-10 11:46:18.855366", "event_name": "forecast", "text": "Forecasting: 681/2230", "cpu%": 8.96, "ram_mb": 573.78}
{"timestamp": "2023-01-10 11:46:18.964916", "event_name": "forecast", "text": "Forecasting: 684/2230", "cpu%": 6.21, "ram_mb": 574.85}
{"timestamp": "2023-01-10 11:46:19.074508", "event_name": "forecast", "text": "Forecasting: 687/2230", "cpu%": 8.96, "ram_mb": 574.88}
{"timestamp": "2023-01-10 11:46:19.182657", "event_name": "forecast", "text": "Forecasting: 690/2230", "cpu%": 7.1, "ram_mb": 576.67}
{"timestamp": "2023-01-10 11:46:19.292480", "event_name": "forecast", "text": "Forecasting: 693/2230", "cpu%": 6.27, "ram_mb": 577.66}
{"timestamp": "2023-01-10 11:46:19.401596", "event_name": "forecast", "text": "Forecasting: 697/2230", "cpu%": 7.17, "ram_mb": 577.77}
{"timestamp": "2023-01-10 11:46:19.511726", "event_name": "forecast", "text": "Forecasting: 700/2230", "cpu%": 7.1, "ram_mb": 579.03}
{"timestamp": "2023-01-10 11:46:19.620933", "event_name": "forecast", "text": "Forecasting: 703/2230", "cpu%": 6.27, "ram_mb": 581.24}
{"timestamp": "2023-01-10 11:46:19.729928", "event_name": "forecast", "text": "Forecasting: 706/2230", "cpu%": 7.17, "ram_mb": 581.71}
{"timestamp": "2023-01-10 11:46:19.838721", "event_name": "forecast", "text": "Forecasting: 709/2230", "cpu%": 7.99, "ram_mb": 582.62}
{"timestamp": "2023-01-10 11:46:19.947135", "event_name": "forecast", "text": "Forecasting: 713/2230", "cpu%": 6.27, "ram_mb": 583.3}
{"timestamp": "2023-01-10 11:46:20.055356", "event_name": "forecast", "text": "Forecasting: 716/2230", "cpu%": 7.1, "ram_mb": 584.15}
{"timestamp": "2023-01-10 11:46:20.164648", "event_name": "forecast", "text": "Forecasting: 719/2230", "cpu%": 6.27, "ram_mb": 584.73}
{"timestamp": "2023-01-10 11:46:20.274786", "event_name": "forecast", "text": "Forecasting: 722/2230", "cpu%": 7.17, "ram_mb": 585.56}
{"timestamp": "2023-01-10 11:46:20.383391", "event_name": "forecast", "text": "Forecasting: 725/2230", "cpu%": 7.99, "ram_mb": 585.61}
{"timestamp": "2023-01-10 11:46:20.495765", "event_name": "forecast", "text": "Forecasting: 728/2230", "cpu%": 6.27, "ram_mb": 586.73}
{"timestamp": "2023-01-10 11:46:20.604628", "event_name": "forecast", "text": "Forecasting: 731/2230", "cpu%": 7.17, "ram_mb": 588.37}
{"timestamp": "2023-01-10 11:46:20.714445", "event_name": "forecast", "text": "Forecasting: 734/2230", "cpu%": 6.21, "ram_mb": 588.94}
{"timestamp": "2023-01-10 11:46:20.825455", "event_name": "forecast", "text": "Forecasting: 737/2230", "cpu%": 6.27, "ram_mb": 589.57}
{"timestamp": "2023-01-10 11:46:20.937433", "event_name": "forecast", "text": "Forecasting: 740/2230", "cpu%": 5.33, "ram_mb": 590.2}
{"timestamp": "2023-01-10 11:46:21.044809", "event_name": "forecast", "text": "Forecasting: 742/2230", "cpu%": 6.27, "ram_mb": 590.87}
{"timestamp": "2023-01-10 11:46:21.153534", "event_name": "forecast", "text": "Forecasting: 746/2230", "cpu%": 6.27, "ram_mb": 591.21}
{"timestamp": "2023-01-10 11:46:21.263556", "event_name": "forecast", "text": "Forecasting: 749/2230", "cpu%": 6.21, "ram_mb": 592.34}
{"timestamp": "2023-01-10 11:46:21.372870", "event_name": "forecast", "text": "Forecasting: 752/2230", "cpu%": 7.17, "ram_mb": 593.01}
{"timestamp": "2023-01-10 11:46:21.482430", "event_name": "forecast", "text": "Forecasting: 755/2230", "cpu%": 7.17, "ram_mb": 594.32}
{"timestamp": "2023-01-10 11:46:21.592450", "event_name": "forecast", "text": "Forecasting: 758/2230", "cpu%": 7.1, "ram_mb": 594.72}
{"timestamp": "2023-01-10 11:46:21.703143", "event_name": "forecast", "text": "Forecasting: 761/2230", "cpu%": 7.17, "ram_mb": 595.51}
{"timestamp": "2023-01-10 11:46:21.813072", "event_name": "forecast", "text": "Forecasting: 764/2230", "cpu%": 6.21, "ram_mb": 596.45}
{"timestamp": "2023-01-10 11:46:21.922001", "event_name": "forecast", "text": "Forecasting: 768/2230", "cpu%": 5.38, "ram_mb": 596.98}
{"timestamp": "2023-01-10 11:46:22.028755", "event_name": "forecast", "text": "Forecasting: 771/2230", "cpu%": 8.06, "ram_mb": 598.07}
{"timestamp": "2023-01-10 11:46:22.138879", "event_name": "forecast", "text": "Forecasting: 774/2230", "cpu%": 7.1, "ram_mb": 598.16}
{"timestamp": "2023-01-10 11:46:22.248236", "event_name": "forecast", "text": "Forecasting: 777/2230", "cpu%": 6.27, "ram_mb": 600.1}
{"timestamp": "2023-01-10 11:46:22.355422", "event_name": "forecast", "text": "Forecasting: 780/2230", "cpu%": 6.27, "ram_mb": 600.58}
{"timestamp": "2023-01-10 11:46:22.464652", "event_name": "forecast", "text": "Forecasting: 784/2230", "cpu%": 7.1, "ram_mb": 601.27}
{"timestamp": "2023-01-10 11:46:22.574365", "event_name": "forecast", "text": "Forecasting: 787/2230", "cpu%": 6.27, "ram_mb": 602.37}
{"timestamp": "2023-01-10 11:46:22.684222", "event_name": "forecast", "text": "Forecasting: 790/2230", "cpu%": 7.99, "ram_mb": 603.72}
{"timestamp": "2023-01-10 11:46:22.793283", "event_name": "forecast", "text": "Forecasting: 793/2230", "cpu%": 10.75, "ram_mb": 604.12}
{"timestamp": "2023-01-10 11:46:22.902769", "event_name": "forecast", "text": "Forecasting: 796/2230", "cpu%": 6.27, "ram_mb": 605.47}
{"timestamp": "2023-01-10 11:46:23.010957", "event_name": "forecast", "text": "Forecasting: 800/2230", "cpu%": 7.99, "ram_mb": 605.74}
{"timestamp": "2023-01-10 11:46:23.119875", "event_name": "forecast", "text": "Forecasting: 803/2230", "cpu%": 6.27, "ram_mb": 606.59}
{"timestamp": "2023-01-10 11:46:23.230985", "event_name": "forecast", "text": "Forecasting: 806/2230", "cpu%": 7.17, "ram_mb": 607.45}
{"timestamp": "2023-01-10 11:46:23.340808", "event_name": "forecast", "text": "Forecasting: 809/2230", "cpu%": 7.99, "ram_mb": 608.52}
{"timestamp": "2023-01-10 11:46:23.448883", "event_name": "forecast", "text": "Forecasting: 812/2230", "cpu%": 6.27, "ram_mb": 609.13}
{"timestamp": "2023-01-10 11:46:23.559257", "event_name": "forecast", "text": "Forecasting: 816/2230", "cpu%": 6.21, "ram_mb": 610.12}
{"timestamp": "2023-01-10 11:46:23.669383", "event_name": "forecast", "text": "Forecasting: 819/2230", "cpu%": 6.27, "ram_mb": 611.3}
{"timestamp": "2023-01-10 11:46:23.780163", "event_name": "forecast", "text": "Forecasting: 822/2230", "cpu%": 12.54, "ram_mb": 612.22}
{"timestamp": "2023-01-10 11:46:23.889332", "event_name": "forecast", "text": "Forecasting: 825/2230", "cpu%": 6.21, "ram_mb": 613.67}
{"timestamp": "2023-01-10 11:46:23.996244", "event_name": "forecast", "text": "Forecasting: 828/2230", "cpu%": 6.27, "ram_mb": 614.14}
{"timestamp": "2023-01-10 11:46:24.104426", "event_name": "forecast", "text": "Forecasting: 832/2230", "cpu%": 7.17, "ram_mb": 614.49}
{"timestamp": "2023-01-10 11:46:24.214046", "event_name": "forecast", "text": "Forecasting: 835/2230", "cpu%": 7.1, "ram_mb": 615.56}
{"timestamp": "2023-01-10 11:46:24.325332", "event_name": "forecast", "text": "Forecasting: 838/2230", "cpu%": 8.06, "ram_mb": 617.33}
{"timestamp": "2023-01-10 11:46:24.433278", "event_name": "forecast", "text": "Forecasting: 841/2230", "cpu%": 6.21, "ram_mb": 617.83}
{"timestamp": "2023-01-10 11:46:24.541391", "event_name": "forecast", "text": "Forecasting: 844/2230", "cpu%": 6.27, "ram_mb": 619.07}
{"timestamp": "2023-01-10 11:46:24.651533", "event_name": "forecast", "text": "Forecasting: 848/2230", "cpu%": 6.27, "ram_mb": 619.67}
{"timestamp": "2023-01-10 11:46:24.761652", "event_name": "forecast", "text": "Forecasting: 851/2230", "cpu%": 6.21, "ram_mb": 620.34}
{"timestamp": "2023-01-10 11:46:24.873436", "event_name": "forecast", "text": "Forecasting: 854/2230", "cpu%": 6.27, "ram_mb": 621.43}
{"timestamp": "2023-01-10 11:46:24.982763", "event_name": "forecast", "text": "Forecasting: 857/2230", "cpu%": 7.17, "ram_mb": 622.37}
{"timestamp": "2023-01-10 11:46:25.091868", "event_name": "forecast", "text": "Forecasting: 860/2230", "cpu%": 6.21, "ram_mb": 623.16}
{"timestamp": "2023-01-10 11:46:25.200684", "event_name": "forecast", "text": "Forecasting: 863/2230", "cpu%": 8.06, "ram_mb": 624.54}
{"timestamp": "2023-01-10 11:46:25.309725", "event_name": "forecast", "text": "Forecasting: 866/2230", "cpu%": 6.21, "ram_mb": 625.4}
{"timestamp": "2023-01-10 11:46:25.419432", "event_name": "forecast", "text": "Forecasting: 870/2230", "cpu%": 6.27, "ram_mb": 625.38}
{"timestamp": "2023-01-10 11:46:25.527513", "event_name": "forecast", "text": "Forecasting: 873/2230", "cpu%": 7.17, "ram_mb": 625.92}
{"timestamp": "2023-01-10 11:46:25.637308", "event_name": "forecast", "text": "Forecasting: 876/2230", "cpu%": 7.1, "ram_mb": 627.13}
{"timestamp": "2023-01-10 11:46:25.745651", "event_name": "forecast", "text": "Forecasting: 879/2230", "cpu%": 7.17, "ram_mb": 628.93}
{"timestamp": "2023-01-10 11:46:25.853716", "event_name": "forecast", "text": "Forecasting: 882/2230", "cpu%": 7.17, "ram_mb": 629.74}
{"timestamp": "2023-01-10 11:46:25.961897", "event_name": "forecast", "text": "Forecasting: 886/2230", "cpu%": 7.1, "ram_mb": 630.13}
{"timestamp": "2023-01-10 11:46:26.070751", "event_name": "forecast", "text": "Forecasting: 888/2230", "cpu%": 7.17, "ram_mb": 630.36}
{"timestamp": "2023-01-10 11:46:26.181684", "event_name": "forecast", "text": "Forecasting: 891/2230", "cpu%": 6.21, "ram_mb": 631.86}
{"timestamp": "2023-01-10 11:46:26.290514", "event_name": "forecast", "text": "Forecasting: 893/2230", "cpu%": 10.75, "ram_mb": 631.94}
{"timestamp": "2023-01-10 11:46:26.402002", "event_name": "forecast", "text": "Forecasting: 896/2230", "cpu%": 6.27, "ram_mb": 633.0}
{"timestamp": "2023-01-10 11:46:26.510291", "event_name": "forecast", "text": "Forecasting: 899/2230", "cpu%": 7.1, "ram_mb": 633.34}
{"timestamp": "2023-01-10 11:46:26.620346", "event_name": "forecast", "text": "Forecasting: 903/2230", "cpu%": 6.27, "ram_mb": 634.81}
{"timestamp": "2023-01-10 11:46:26.729954", "event_name": "forecast", "text": "Forecasting: 906/2230", "cpu%": 7.17, "ram_mb": 635.46}
{"timestamp": "2023-01-10 11:46:26.840905", "event_name": "forecast", "text": "Forecasting: 909/2230", "cpu%": 7.1, "ram_mb": 636.45}
{"timestamp": "2023-01-10 11:46:26.951532", "event_name": "forecast", "text": "Forecasting: 912/2230", "cpu%": 7.17, "ram_mb": 637.29}
{"timestamp": "2023-01-10 11:46:27.059572", "event_name": "forecast", "text": "Forecasting: 916/2230", "cpu%": 6.21, "ram_mb": 637.5}
{"timestamp": "2023-01-10 11:46:27.170725", "event_name": "forecast", "text": "Forecasting: 919/2230", "cpu%": 6.27, "ram_mb": 638.55}
{"timestamp": "2023-01-10 11:46:27.277723", "event_name": "forecast", "text": "Forecasting: 922/2230", "cpu%": 6.27, "ram_mb": 640.12}
{"timestamp": "2023-01-10 11:46:27.409461", "event_name": "forecast", "text": "Forecasting: 924/2230", "cpu%": 6.25, "ram_mb": 640.69}
{"timestamp": "2023-01-10 11:46:27.525154", "event_name": "forecast", "text": "Forecasting: 926/2230", "cpu%": 6.25, "ram_mb": 640.69}
{"timestamp": "2023-01-10 11:46:27.634717", "event_name": "forecast", "text": "Forecasting: 930/2230", "cpu%": 6.21, "ram_mb": 640.69}
{"timestamp": "2023-01-10 11:46:27.742774", "event_name": "forecast", "text": "Forecasting: 933/2230", "cpu%": 6.27, "ram_mb": 640.69}
{"timestamp": "2023-01-10 11:46:27.852092", "event_name": "forecast", "text": "Forecasting: 936/2230", "cpu%": 6.27, "ram_mb": 641.2}
{"timestamp": "2023-01-10 11:46:27.962394", "event_name": "forecast", "text": "Forecasting: 939/2230", "cpu%": 7.1, "ram_mb": 641.71}
{"timestamp": "2023-01-10 11:46:28.072257", "event_name": "forecast", "text": "Forecasting: 942/2230", "cpu%": 6.27, "ram_mb": 642.02}
{"timestamp": "2023-01-10 11:46:28.181316", "event_name": "forecast", "text": "Forecasting: 945/2230", "cpu%": 6.21, "ram_mb": 642.14}
{"timestamp": "2023-01-10 11:46:28.288846", "event_name": "forecast", "text": "Forecasting: 948/2230", "cpu%": 4.48, "ram_mb": 642.2}
{"timestamp": "2023-01-10 11:46:28.396286", "event_name": "forecast", "text": "Forecasting: 951/2230", "cpu%": 6.23, "ram_mb": 642.14}
{"timestamp": "2023-01-10 11:46:28.504443", "event_name": "forecast", "text": "Forecasting: 955/2230", "cpu%": 11.65, "ram_mb": 642.16}
{"timestamp": "2023-01-10 11:46:28.613796", "event_name": "forecast", "text": "Forecasting: 958/2230", "cpu%": 7.17, "ram_mb": 642.16}
{"timestamp": "2023-01-10 11:46:28.719213", "event_name": "forecast", "text": "Forecasting: 961/2230", "cpu%": 8.88, "ram_mb": 642.32}
{"timestamp": "2023-01-10 11:46:28.828299", "event_name": "forecast", "text": "Forecasting: 964/2230", "cpu%": 7.17, "ram_mb": 642.67}
{"timestamp": "2023-01-10 11:46:28.937011", "event_name": "forecast", "text": "Forecasting: 967/2230", "cpu%": 8.88, "ram_mb": 643.79}
{"timestamp": "2023-01-10 11:46:29.047996", "event_name": "forecast", "text": "Forecasting: 970/2230", "cpu%": 7.17, "ram_mb": 644.11}
{"timestamp": "2023-01-10 11:46:29.156534", "event_name": "forecast", "text": "Forecasting: 974/2230", "cpu%": 8.06, "ram_mb": 643.82}
{"timestamp": "2023-01-10 11:46:29.267167", "event_name": "forecast", "text": "Forecasting: 977/2230", "cpu%": 6.21, "ram_mb": 644.34}
{"timestamp": "2023-01-10 11:46:29.377056", "event_name": "forecast", "text": "Forecasting: 980/2230", "cpu%": 7.17, "ram_mb": 645.12}
{"timestamp": "2023-01-10 11:46:29.486144", "event_name": "forecast", "text": "Forecasting: 983/2230", "cpu%": 6.27, "ram_mb": 646.03}
{"timestamp": "2023-01-10 11:46:29.593605", "event_name": "forecast", "text": "Forecasting: 986/2230", "cpu%": 7.1, "ram_mb": 646.54}
{"timestamp": "2023-01-10 11:46:29.702596", "event_name": "forecast", "text": "Forecasting: 990/2230", "cpu%": 6.27, "ram_mb": 646.83}
{"timestamp": "2023-01-10 11:46:29.812677", "event_name": "forecast", "text": "Forecasting: 993/2230", "cpu%": 6.21, "ram_mb": 646.89}
{"timestamp": "2023-01-10 11:46:29.921743", "event_name": "forecast", "text": "Forecasting: 996/2230", "cpu%": 6.27, "ram_mb": 647.72}
{"timestamp": "2023-01-10 11:46:30.029472", "event_name": "forecast", "text": "Forecasting: 999/2230", "cpu%": 6.27, "ram_mb": 648.48}
{"timestamp": "2023-01-10 11:46:30.138809", "event_name": "forecast", "text": "Forecasting: 1002/2230", "cpu%": 7.1, "ram_mb": 648.85}
{"timestamp": "2023-01-10 11:46:30.248715", "event_name": "forecast", "text": "Forecasting: 1005/2230", "cpu%": 6.27, "ram_mb": 649.81}
{"timestamp": "2023-01-10 11:46:30.359654", "event_name": "forecast", "text": "Forecasting: 1009/2230", "cpu%": 6.27, "ram_mb": 650.64}
{"timestamp": "2023-01-10 11:46:30.469484", "event_name": "forecast", "text": "Forecasting: 1012/2230", "cpu%": 6.21, "ram_mb": 650.91}
{"timestamp": "2023-01-10 11:46:30.579299", "event_name": "forecast", "text": "Forecasting: 1015/2230", "cpu%": 6.27, "ram_mb": 651.91}
{"timestamp": "2023-01-10 11:46:30.687096", "event_name": "forecast", "text": "Forecasting: 1018/2230", "cpu%": 8.88, "ram_mb": 652.66}
{"timestamp": "2023-01-10 11:46:30.796676", "event_name": "forecast", "text": "Forecasting: 1022/2230", "cpu%": 6.27, "ram_mb": 652.68}
{"timestamp": "2023-01-10 11:46:30.906703", "event_name": "forecast", "text": "Forecasting: 1025/2230", "cpu%": 8.06, "ram_mb": 653.28}
{"timestamp": "2023-01-10 11:46:31.015988", "event_name": "forecast", "text": "Forecasting: 1028/2230", "cpu%": 6.21, "ram_mb": 654.34}
{"timestamp": "2023-01-10 11:46:31.126060", "event_name": "forecast", "text": "Forecasting: 1031/2230", "cpu%": 7.17, "ram_mb": 655.33}
{"timestamp": "2023-01-10 11:46:31.234143", "event_name": "forecast", "text": "Forecasting: 1034/2230", "cpu%": 6.27, "ram_mb": 657.37}
{"timestamp": "2023-01-10 11:46:31.343347", "event_name": "forecast", "text": "Forecasting: 1037/2230", "cpu%": 7.1, "ram_mb": 658.02}
{"timestamp": "2023-01-10 11:46:31.453172", "event_name": "forecast", "text": "Forecasting: 1040/2230", "cpu%": 8.96, "ram_mb": 657.81}
{"timestamp": "2023-01-10 11:46:31.564067", "event_name": "forecast", "text": "Forecasting: 1044/2230", "cpu%": 7.99, "ram_mb": 659.3}
{"timestamp": "2023-01-10 11:46:31.672778", "event_name": "forecast", "text": "Forecasting: 1047/2230", "cpu%": 6.27, "ram_mb": 659.79}
{"timestamp": "2023-01-10 11:46:31.780982", "event_name": "forecast", "text": "Forecasting: 1050/2230", "cpu%": 6.27, "ram_mb": 660.45}
{"timestamp": "2023-01-10 11:46:31.889851", "event_name": "forecast", "text": "Forecasting: 1053/2230", "cpu%": 6.21, "ram_mb": 661.6}
{"timestamp": "2023-01-10 11:46:31.997938", "event_name": "forecast", "text": "Forecasting: 1056/2230", "cpu%": 6.27, "ram_mb": 662.17}
{"timestamp": "2023-01-10 11:46:32.107761", "event_name": "forecast", "text": "Forecasting: 1059/2230", "cpu%": 7.17, "ram_mb": 663.18}
{"timestamp": "2023-01-10 11:46:32.215510", "event_name": "forecast", "text": "Forecasting: 1062/2230", "cpu%": 6.21, "ram_mb": 664.45}
{"timestamp": "2023-01-10 11:46:32.325594", "event_name": "forecast", "text": "Forecasting: 1065/2230", "cpu%": 7.17, "ram_mb": 665.14}
{"timestamp": "2023-01-10 11:46:32.434837", "event_name": "forecast", "text": "Forecasting: 1068/2230", "cpu%": 6.21, "ram_mb": 664.91}
{"timestamp": "2023-01-10 11:46:32.544105", "event_name": "forecast", "text": "Forecasting: 1072/2230", "cpu%": 7.17, "ram_mb": 665.36}
{"timestamp": "2023-01-10 11:46:32.652197", "event_name": "forecast", "text": "Forecasting: 1075/2230", "cpu%": 6.27, "ram_mb": 667.48}
{"timestamp": "2023-01-10 11:46:32.762414", "event_name": "forecast", "text": "Forecasting: 1077/2230", "cpu%": 7.1, "ram_mb": 667.75}
{"timestamp": "2023-01-10 11:46:32.872165", "event_name": "forecast", "text": "Forecasting: 1080/2230", "cpu%": 7.17, "ram_mb": 667.75}
{"timestamp": "2023-01-10 11:46:32.982829", "event_name": "forecast", "text": "Forecasting: 1083/2230", "cpu%": 6.27, "ram_mb": 668.35}
{"timestamp": "2023-01-10 11:46:33.090937", "event_name": "forecast", "text": "Forecasting: 1086/2230", "cpu%": 7.99, "ram_mb": 669.64}
{"timestamp": "2023-01-10 11:46:33.199931", "event_name": "forecast", "text": "Forecasting: 1088/2230", "cpu%": 6.27, "ram_mb": 670.93}
{"timestamp": "2023-01-10 11:46:33.307897", "event_name": "forecast", "text": "Forecasting: 1091/2230", "cpu%": 7.99, "ram_mb": 671.37}
{"timestamp": "2023-01-10 11:46:33.419050", "event_name": "forecast", "text": "Forecasting: 1094/2230", "cpu%": 6.27, "ram_mb": 672.22}
{"timestamp": "2023-01-10 11:46:33.527871", "event_name": "forecast", "text": "Forecasting: 1097/2230", "cpu%": 6.27, "ram_mb": 672.06}
{"timestamp": "2023-01-10 11:46:33.634722", "event_name": "forecast", "text": "Forecasting: 1100/2230", "cpu%": 6.21, "ram_mb": 672.84}
{"timestamp": "2023-01-10 11:46:33.746092", "event_name": "forecast", "text": "Forecasting: 1103/2230", "cpu%": 6.27, "ram_mb": 674.42}
{"timestamp": "2023-01-10 11:46:33.857922", "event_name": "forecast", "text": "Forecasting: 1106/2230", "cpu%": 6.27, "ram_mb": 674.53}
{"timestamp": "2023-01-10 11:46:33.965645", "event_name": "forecast", "text": "Forecasting: 1109/2230", "cpu%": 7.1, "ram_mb": 675.24}
{"timestamp": "2023-01-10 11:46:34.075690", "event_name": "forecast", "text": "Forecasting: 1112/2230", "cpu%": 6.27, "ram_mb": 676.72}
{"timestamp": "2023-01-10 11:46:34.186085", "event_name": "forecast", "text": "Forecasting: 1115/2230", "cpu%": 6.21, "ram_mb": 677.49}
{"timestamp": "2023-01-10 11:46:34.293719", "event_name": "forecast", "text": "Forecasting: 1119/2230", "cpu%": 7.17, "ram_mb": 678.51}
{"timestamp": "2023-01-10 11:46:34.398533", "event_name": "forecast", "text": "Forecasting: 1122/2230", "cpu%": 6.27, "ram_mb": 679.58}
{"timestamp": "2023-01-10 11:46:34.504017", "event_name": "forecast", "text": "Forecasting: 1125/2230", "cpu%": 7.28, "ram_mb": 680.03}
{"timestamp": "2023-01-10 11:46:34.609308", "event_name": "forecast", "text": "Forecasting: 1128/2230", "cpu%": 8.96, "ram_mb": 680.94}
{"timestamp": "2023-01-10 11:46:34.719471", "event_name": "forecast", "text": "Forecasting: 1131/2230", "cpu%": 6.21, "ram_mb": 681.46}
{"timestamp": "2023-01-10 11:46:34.826991", "event_name": "forecast", "text": "Forecasting: 1133/2230", "cpu%": 6.27, "ram_mb": 682.66}
{"timestamp": "2023-01-10 11:46:34.932862", "event_name": "forecast", "text": "Forecasting: 1136/2230", "cpu%": 7.1, "ram_mb": 683.5}
{"timestamp": "2023-01-10 11:46:35.043352", "event_name": "forecast", "text": "Forecasting: 1139/2230", "cpu%": 6.27, "ram_mb": 685.28}
{"timestamp": "2023-01-10 11:46:35.153058", "event_name": "forecast", "text": "Forecasting: 1143/2230", "cpu%": 6.27, "ram_mb": 685.79}
{"timestamp": "2023-01-10 11:46:35.261112", "event_name": "forecast", "text": "Forecasting: 1146/2230", "cpu%": 6.21, "ram_mb": 686.23}
{"timestamp": "2023-01-10 11:46:35.367986", "event_name": "forecast", "text": "Forecasting: 1149/2230", "cpu%": 6.27, "ram_mb": 686.88}
{"timestamp": "2023-01-10 11:46:35.475493", "event_name": "forecast", "text": "Forecasting: 1152/2230", "cpu%": 6.23, "ram_mb": 688.04}
{"timestamp": "2023-01-10 11:46:35.584604", "event_name": "forecast", "text": "Forecasting: 1155/2230", "cpu%": 7.17, "ram_mb": 688.68}
{"timestamp": "2023-01-10 11:46:35.693253", "event_name": "forecast", "text": "Forecasting: 1158/2230", "cpu%": 6.21, "ram_mb": 689.35}
{"timestamp": "2023-01-10 11:46:35.802493", "event_name": "forecast", "text": "Forecasting: 1161/2230", "cpu%": 6.27, "ram_mb": 690.03}
{"timestamp": "2023-01-10 11:46:35.910905", "event_name": "forecast", "text": "Forecasting: 1164/2230", "cpu%": 6.27, "ram_mb": 690.53}
{"timestamp": "2023-01-10 11:46:36.020915", "event_name": "forecast", "text": "Forecasting: 1167/2230", "cpu%": 7.1, "ram_mb": 691.48}
{"timestamp": "2023-01-10 11:46:36.126426", "event_name": "forecast", "text": "Forecasting: 1170/2230", "cpu%": 6.27, "ram_mb": 693.24}
{"timestamp": "2023-01-10 11:46:36.235253", "event_name": "forecast", "text": "Forecasting: 1173/2230", "cpu%": 7.17, "ram_mb": 693.16}
{"timestamp": "2023-01-10 11:46:36.341835", "event_name": "forecast", "text": "Forecasting: 1177/2230", "cpu%": 6.21, "ram_mb": 693.73}
{"timestamp": "2023-01-10 11:46:36.452907", "event_name": "forecast", "text": "Forecasting: 1180/2230", "cpu%": 6.27, "ram_mb": 694.99}
{"timestamp": "2023-01-10 11:46:36.562753", "event_name": "forecast", "text": "Forecasting: 1183/2230", "cpu%": 6.21, "ram_mb": 695.5}
{"timestamp": "2023-01-10 11:46:36.670948", "event_name": "forecast", "text": "Forecasting: 1186/2230", "cpu%": 7.17, "ram_mb": 696.4}
{"timestamp": "2023-01-10 11:46:36.779779", "event_name": "forecast", "text": "Forecasting: 1189/2230", "cpu%": 7.17, "ram_mb": 698.28}
{"timestamp": "2023-01-10 11:46:36.888446", "event_name": "forecast", "text": "Forecasting: 1192/2230", "cpu%": 6.21, "ram_mb": 698.66}
{"timestamp": "2023-01-10 11:46:36.997663", "event_name": "forecast", "text": "Forecasting: 1195/2230", "cpu%": 5.38, "ram_mb": 699.43}
{"timestamp": "2023-01-10 11:46:37.107622", "event_name": "forecast", "text": "Forecasting: 1199/2230", "cpu%": 10.75, "ram_mb": 700.81}
{"timestamp": "2023-01-10 11:46:37.215704", "event_name": "forecast", "text": "Forecasting: 1202/2230", "cpu%": 7.1, "ram_mb": 701.12}
{"timestamp": "2023-01-10 11:46:37.323739", "event_name": "forecast", "text": "Forecasting: 1205/2230", "cpu%": 6.27, "ram_mb": 701.73}
{"timestamp": "2023-01-10 11:46:37.432834", "event_name": "forecast", "text": "Forecasting: 1208/2230", "cpu%": 8.88, "ram_mb": 703.52}
{"timestamp": "2023-01-10 11:46:37.541433", "event_name": "forecast", "text": "Forecasting: 1211/2230", "cpu%": 7.17, "ram_mb": 704.53}
{"timestamp": "2023-01-10 11:46:37.647472", "event_name": "forecast", "text": "Forecasting: 1214/2230", "cpu%": 6.27, "ram_mb": 705.05}
{"timestamp": "2023-01-10 11:46:37.757770", "event_name": "forecast", "text": "Forecasting: 1217/2230", "cpu%": 7.1, "ram_mb": 705.28}
{"timestamp": "2023-01-10 11:46:37.868212", "event_name": "forecast", "text": "Forecasting: 1221/2230", "cpu%": 8.06, "ram_mb": 705.61}
{"timestamp": "2023-01-10 11:46:37.978069", "event_name": "forecast", "text": "Forecasting: 1224/2230", "cpu%": 6.27, "ram_mb": 706.28}
{"timestamp": "2023-01-10 11:46:38.087073", "event_name": "forecast", "text": "Forecasting: 1227/2230", "cpu%": 8.88, "ram_mb": 707.44}
{"timestamp": "2023-01-10 11:46:38.197223", "event_name": "forecast", "text": "Forecasting: 1230/2230", "cpu%": 6.27, "ram_mb": 708.32}
{"timestamp": "2023-01-10 11:46:38.307511", "event_name": "forecast", "text": "Forecasting: 1233/2230", "cpu%": 6.21, "ram_mb": 708.95}
{"timestamp": "2023-01-10 11:46:38.414093", "event_name": "forecast", "text": "Forecasting: 1236/2230", "cpu%": 8.06, "ram_mb": 710.02}
{"timestamp": "2023-01-10 11:46:38.522259", "event_name": "forecast", "text": "Forecasting: 1239/2230", "cpu%": 6.23, "ram_mb": 710.87}
{"timestamp": "2023-01-10 11:46:38.632580", "event_name": "forecast", "text": "Forecasting: 1242/2230", "cpu%": 6.25, "ram_mb": 711.54}
{"timestamp": "2023-01-10 11:46:38.743239", "event_name": "forecast", "text": "Forecasting: 1245/2230", "cpu%": 6.27, "ram_mb": 713.06}
{"timestamp": "2023-01-10 11:46:38.853068", "event_name": "forecast", "text": "Forecasting: 1249/2230", "cpu%": 7.17, "ram_mb": 713.47}
{"timestamp": "2023-01-10 11:46:38.961270", "event_name": "forecast", "text": "Forecasting: 1252/2230", "cpu%": 6.21, "ram_mb": 713.86}
{"timestamp": "2023-01-10 11:46:39.072097", "event_name": "forecast", "text": "Forecasting: 1255/2230", "cpu%": 6.27, "ram_mb": 714.66}
{"timestamp": "2023-01-10 11:46:39.181323", "event_name": "forecast", "text": "Forecasting: 1258/2230", "cpu%": 6.21, "ram_mb": 716.24}
{"timestamp": "2023-01-10 11:46:39.288972", "event_name": "forecast", "text": "Forecasting: 1261/2230", "cpu%": 6.27, "ram_mb": 716.27}
{"timestamp": "2023-01-10 11:46:39.398393", "event_name": "forecast", "text": "Forecasting: 1264/2230", "cpu%": 7.17, "ram_mb": 716.81}
{"timestamp": "2023-01-10 11:46:39.508563", "event_name": "forecast", "text": "Forecasting: 1268/2230", "cpu%": 6.21, "ram_mb": 718.19}
{"timestamp": "2023-01-10 11:46:39.619449", "event_name": "forecast", "text": "Forecasting: 1271/2230", "cpu%": 7.17, "ram_mb": 718.3}
{"timestamp": "2023-01-10 11:46:39.729565", "event_name": "forecast", "text": "Forecasting: 1274/2230", "cpu%": 6.27, "ram_mb": 720.06}
{"timestamp": "2023-01-10 11:46:39.838406", "event_name": "forecast", "text": "Forecasting: 1277/2230", "cpu%": 6.21, "ram_mb": 721.05}
{"timestamp": "2023-01-10 11:46:39.948971", "event_name": "forecast", "text": "Forecasting: 1280/2230", "cpu%": 8.06, "ram_mb": 721.24}
{"timestamp": "2023-01-10 11:46:40.058603", "event_name": "forecast", "text": "Forecasting: 1284/2230", "cpu%": 7.1, "ram_mb": 722.77}
{"timestamp": "2023-01-10 11:46:40.170447", "event_name": "forecast", "text": "Forecasting: 1287/2230", "cpu%": 6.27, "ram_mb": 723.38}
{"timestamp": "2023-01-10 11:46:40.279703", "event_name": "forecast", "text": "Forecasting: 1290/2230", "cpu%": 7.17, "ram_mb": 724.66}
{"timestamp": "2023-01-10 11:46:40.387444", "event_name": "forecast", "text": "Forecasting: 1293/2230", "cpu%": 7.99, "ram_mb": 725.93}
{"timestamp": "2023-01-10 11:46:40.496325", "event_name": "forecast", "text": "Forecasting: 1296/2230", "cpu%": 6.27, "ram_mb": 726.47}
{"timestamp": "2023-01-10 11:46:40.605745", "event_name": "forecast", "text": "Forecasting: 1300/2230", "cpu%": 5.38, "ram_mb": 726.64}
{"timestamp": "2023-01-10 11:46:40.715511", "event_name": "forecast", "text": "Forecasting: 1303/2230", "cpu%": 7.1, "ram_mb": 727.97}
{"timestamp": "2023-01-10 11:46:40.826690", "event_name": "forecast", "text": "Forecasting: 1306/2230", "cpu%": 7.17, "ram_mb": 728.75}
{"timestamp": "2023-01-10 11:46:40.934318", "event_name": "forecast", "text": "Forecasting: 1309/2230", "cpu%": 7.99, "ram_mb": 729.09}
{"timestamp": "2023-01-10 11:46:41.043192", "event_name": "forecast", "text": "Forecasting: 1312/2230", "cpu%": 6.27, "ram_mb": 730.84}
{"timestamp": "2023-01-10 11:46:41.151864", "event_name": "forecast", "text": "Forecasting: 1315/2230", "cpu%": 6.27, "ram_mb": 731.38}
{"timestamp": "2023-01-10 11:46:41.260709", "event_name": "forecast", "text": "Forecasting: 1318/2230", "cpu%": 6.21, "ram_mb": 731.48}
{"timestamp": "2023-01-10 11:46:41.368611", "event_name": "forecast", "text": "Forecasting: 1321/2230", "cpu%": 7.17, "ram_mb": 733.35}
{"timestamp": "2023-01-10 11:46:41.479358", "event_name": "forecast", "text": "Forecasting: 1324/2230", "cpu%": 6.27, "ram_mb": 734.38}
{"timestamp": "2023-01-10 11:46:41.587607", "event_name": "forecast", "text": "Forecasting: 1328/2230", "cpu%": 7.1, "ram_mb": 734.55}
{"timestamp": "2023-01-10 11:46:41.697124", "event_name": "forecast", "text": "Forecasting: 1331/2230", "cpu%": 6.27, "ram_mb": 735.71}
{"timestamp": "2023-01-10 11:46:41.807031", "event_name": "forecast", "text": "Forecasting: 1334/2230", "cpu%": 6.21, "ram_mb": 736.93}
{"timestamp": "2023-01-10 11:46:41.914021", "event_name": "forecast", "text": "Forecasting: 1337/2230", "cpu%": 6.27, "ram_mb": 737.44}
{"timestamp": "2023-01-10 11:46:42.025392", "event_name": "forecast", "text": "Forecasting: 1340/2230", "cpu%": 6.27, "ram_mb": 738.79}
{"timestamp": "2023-01-10 11:46:42.136245", "event_name": "forecast", "text": "Forecasting: 1343/2230", "cpu%": 7.99, "ram_mb": 740.22}
{"timestamp": "2023-01-10 11:46:42.244080", "event_name": "forecast", "text": "Forecasting: 1346/2230", "cpu%": 5.38, "ram_mb": 741.03}
{"timestamp": "2023-01-10 11:46:42.353920", "event_name": "forecast", "text": "Forecasting: 1349/2230", "cpu%": 7.17, "ram_mb": 741.76}
{"timestamp": "2023-01-10 11:46:42.464213", "event_name": "forecast", "text": "Forecasting: 1352/2230", "cpu%": 6.21, "ram_mb": 742.39}
{"timestamp": "2023-01-10 11:46:42.574215", "event_name": "forecast", "text": "Forecasting: 1355/2230", "cpu%": 6.27, "ram_mb": 742.77}
{"timestamp": "2023-01-10 11:46:42.683321", "event_name": "forecast", "text": "Forecasting: 1359/2230", "cpu%": 7.1, "ram_mb": 743.64}
{"timestamp": "2023-01-10 11:46:42.794786", "event_name": "forecast", "text": "Forecasting: 1362/2230", "cpu%": 6.27, "ram_mb": 744.67}
{"timestamp": "2023-01-10 11:46:42.903075", "event_name": "forecast", "text": "Forecasting: 1365/2230", "cpu%": 8.06, "ram_mb": 745.24}
{"timestamp": "2023-01-10 11:46:43.013140", "event_name": "forecast", "text": "Forecasting: 1368/2230", "cpu%": 7.1, "ram_mb": 745.7}
{"timestamp": "2023-01-10 11:46:43.120987", "event_name": "forecast", "text": "Forecasting: 1371/2230", "cpu%": 7.17, "ram_mb": 746.85}
{"timestamp": "2023-01-10 11:46:43.230255", "event_name": "forecast", "text": "Forecasting: 1375/2230", "cpu%": 7.17, "ram_mb": 746.82}
{"timestamp": "2023-01-10 11:46:43.340628", "event_name": "forecast", "text": "Forecasting: 1378/2230", "cpu%": 6.21, "ram_mb": 748.2}
{"timestamp": "2023-01-10 11:46:43.447157", "event_name": "forecast", "text": "Forecasting: 1381/2230", "cpu%": 8.06, "ram_mb": 749.56}
{"timestamp": "2023-01-10 11:46:43.556687", "event_name": "forecast", "text": "Forecasting: 1384/2230", "cpu%": 6.21, "ram_mb": 750.23}
{"timestamp": "2023-01-10 11:46:43.666300", "event_name": "forecast", "text": "Forecasting: 1387/2230", "cpu%": 8.06, "ram_mb": 751.2}
{"timestamp": "2023-01-10 11:46:43.777176", "event_name": "forecast", "text": "Forecasting: 1390/2230", "cpu%": 6.27, "ram_mb": 752.25}
{"timestamp": "2023-01-10 11:46:43.886321", "event_name": "forecast", "text": "Forecasting: 1393/2230", "cpu%": 7.1, "ram_mb": 752.84}
{"timestamp": "2023-01-10 11:46:43.994811", "event_name": "forecast", "text": "Forecasting: 1397/2230", "cpu%": 8.06, "ram_mb": 752.98}
{"timestamp": "2023-01-10 11:46:44.105021", "event_name": "forecast", "text": "Forecasting: 1400/2230", "cpu%": 6.27, "ram_mb": 754.21}
{"timestamp": "2023-01-10 11:46:44.215345", "event_name": "forecast", "text": "Forecasting: 1403/2230", "cpu%": 6.21, "ram_mb": 754.88}
{"timestamp": "2023-01-10 11:46:44.323165", "event_name": "forecast", "text": "Forecasting: 1406/2230", "cpu%": 7.17, "ram_mb": 755.83}
{"timestamp": "2023-01-10 11:46:44.431907", "event_name": "forecast", "text": "Forecasting: 1409/2230", "cpu%": 6.21, "ram_mb": 757.53}
{"timestamp": "2023-01-10 11:46:44.540768", "event_name": "forecast", "text": "Forecasting: 1412/2230", "cpu%": 9.86, "ram_mb": 757.97}
{"timestamp": "2023-01-10 11:46:44.650671", "event_name": "forecast", "text": "Forecasting: 1415/2230", "cpu%": 7.17, "ram_mb": 758.59}
{"timestamp": "2023-01-10 11:46:44.762386", "event_name": "forecast", "text": "Forecasting: 1418/2230", "cpu%": 7.99, "ram_mb": 759.83}
{"timestamp": "2023-01-10 11:46:44.870004", "event_name": "forecast", "text": "Forecasting: 1421/2230", "cpu%": 8.06, "ram_mb": 760.16}
{"timestamp": "2023-01-10 11:46:44.978511", "event_name": "forecast", "text": "Forecasting: 1424/2230", "cpu%": 6.27, "ram_mb": 760.96}
{"timestamp": "2023-01-10 11:46:45.087003", "event_name": "forecast", "text": "Forecasting: 1427/2230", "cpu%": 6.21, "ram_mb": 761.19}
{"timestamp": "2023-01-10 11:46:45.194261", "event_name": "forecast", "text": "Forecasting: 1430/2230", "cpu%": 11.43, "ram_mb": 762.32}
{"timestamp": "2023-01-10 11:46:45.303651", "event_name": "forecast", "text": "Forecasting: 1433/2230", "cpu%": 8.59, "ram_mb": 762.84}
{"timestamp": "2023-01-10 11:46:45.414463", "event_name": "forecast", "text": "Forecasting: 1436/2230", "cpu%": 7.17, "ram_mb": 763.84}
{"timestamp": "2023-01-10 11:46:45.522806", "event_name": "forecast", "text": "Forecasting: 1439/2230", "cpu%": 7.17, "ram_mb": 765.05}
{"timestamp": "2023-01-10 11:46:45.631884", "event_name": "forecast", "text": "Forecasting: 1442/2230", "cpu%": 7.1, "ram_mb": 765.62}
{"timestamp": "2023-01-10 11:46:45.738716", "event_name": "forecast", "text": "Forecasting: 1446/2230", "cpu%": 6.3, "ram_mb": 766.33}
{"timestamp": "2023-01-10 11:46:45.846287", "event_name": "forecast", "text": "Forecasting: 1449/2230", "cpu%": 7.99, "ram_mb": 768.14}
{"timestamp": "2023-01-10 11:46:45.954913", "event_name": "forecast", "text": "Forecasting: 1452/2230", "cpu%": 6.27, "ram_mb": 768.34}
{"timestamp": "2023-01-10 11:46:46.065620", "event_name": "forecast", "text": "Forecasting: 1455/2230", "cpu%": 6.21, "ram_mb": 768.97}
{"timestamp": "2023-01-10 11:46:46.176014", "event_name": "forecast", "text": "Forecasting: 1458/2230", "cpu%": 7.17, "ram_mb": 770.2}
{"timestamp": "2023-01-10 11:46:46.283470", "event_name": "forecast", "text": "Forecasting: 1461/2230", "cpu%": 7.17, "ram_mb": 770.23}
{"timestamp": "2023-01-10 11:46:46.391785", "event_name": "forecast", "text": "Forecasting: 1464/2230", "cpu%": 8.88, "ram_mb": 771.12}
{"timestamp": "2023-01-10 11:46:46.500189", "event_name": "forecast", "text": "Forecasting: 1466/2230", "cpu%": 8.06, "ram_mb": 771.66}
{"timestamp": "2023-01-10 11:46:46.610538", "event_name": "forecast", "text": "Forecasting: 1469/2230", "cpu%": 8.06, "ram_mb": 772.14}
{"timestamp": "2023-01-10 11:46:46.719776", "event_name": "forecast", "text": "Forecasting: 1472/2230", "cpu%": 6.21, "ram_mb": 773.06}
{"timestamp": "2023-01-10 11:46:46.828556", "event_name": "forecast", "text": "Forecasting: 1475/2230", "cpu%": 7.17, "ram_mb": 774.27}
{"timestamp": "2023-01-10 11:46:46.936760", "event_name": "forecast", "text": "Forecasting: 1478/2230", "cpu%": 7.99, "ram_mb": 775.17}
{"timestamp": "2023-01-10 11:46:47.047090", "event_name": "forecast", "text": "Forecasting: 1482/2230", "cpu%": 7.17, "ram_mb": 775.72}
{"timestamp": "2023-01-10 11:46:47.156610", "event_name": "forecast", "text": "Forecasting: 1485/2230", "cpu%": 6.27, "ram_mb": 776.54}
{"timestamp": "2023-01-10 11:46:47.263677", "event_name": "forecast", "text": "Forecasting: 1488/2230", "cpu%": 7.99, "ram_mb": 777.72}
{"timestamp": "2023-01-10 11:46:47.372728", "event_name": "forecast", "text": "Forecasting: 1490/2230", "cpu%": 7.17, "ram_mb": 778.36}
{"timestamp": "2023-01-10 11:46:47.481571", "event_name": "forecast", "text": "Forecasting: 1493/2230", "cpu%": 7.17, "ram_mb": 779.09}
{"timestamp": "2023-01-10 11:46:47.589165", "event_name": "forecast", "text": "Forecasting: 1496/2230", "cpu%": 6.21, "ram_mb": 780.47}
{"timestamp": "2023-01-10 11:46:47.697029", "event_name": "forecast", "text": "Forecasting: 1499/2230", "cpu%": 6.27, "ram_mb": 780.5}
{"timestamp": "2023-01-10 11:46:47.807049", "event_name": "forecast", "text": "Forecasting: 1502/2230", "cpu%": 7.1, "ram_mb": 782.12}
{"timestamp": "2023-01-10 11:46:47.917596", "event_name": "forecast", "text": "Forecasting: 1505/2230", "cpu%": 8.06, "ram_mb": 782.48}
{"timestamp": "2023-01-10 11:46:48.026920", "event_name": "forecast", "text": "Forecasting: 1508/2230", "cpu%": 9.86, "ram_mb": 783.38}
{"timestamp": "2023-01-10 11:46:48.138085", "event_name": "forecast", "text": "Forecasting: 1511/2230", "cpu%": 6.21, "ram_mb": 784.46}
{"timestamp": "2023-01-10 11:46:48.248807", "event_name": "forecast", "text": "Forecasting: 1514/2230", "cpu%": 7.17, "ram_mb": 784.95}
{"timestamp": "2023-01-10 11:46:48.357069", "event_name": "forecast", "text": "Forecasting: 1517/2230", "cpu%": 7.17, "ram_mb": 786.21}
{"timestamp": "2023-01-10 11:46:48.464879", "event_name": "forecast", "text": "Forecasting: 1520/2230", "cpu%": 6.21, "ram_mb": 786.95}
{"timestamp": "2023-01-10 11:46:48.573666", "event_name": "forecast", "text": "Forecasting: 1523/2230", "cpu%": 8.96, "ram_mb": 787.71}
{"timestamp": "2023-01-10 11:46:48.682889", "event_name": "forecast", "text": "Forecasting: 1526/2230", "cpu%": 6.21, "ram_mb": 789.48}
{"timestamp": "2023-01-10 11:46:48.792204", "event_name": "forecast", "text": "Forecasting: 1529/2230", "cpu%": 12.54, "ram_mb": 789.62}
{"timestamp": "2023-01-10 11:46:48.901439", "event_name": "forecast", "text": "Forecasting: 1532/2230", "cpu%": 7.17, "ram_mb": 789.9}
{"timestamp": "2023-01-10 11:46:49.010012", "event_name": "forecast", "text": "Forecasting: 1535/2230", "cpu%": 6.21, "ram_mb": 790.62}
{"timestamp": "2023-01-10 11:46:49.119679", "event_name": "forecast", "text": "Forecasting: 1538/2230", "cpu%": 7.17, "ram_mb": 791.55}
{"timestamp": "2023-01-10 11:46:49.228958", "event_name": "forecast", "text": "Forecasting: 1541/2230", "cpu%": 6.27, "ram_mb": 792.69}
{"timestamp": "2023-01-10 11:46:49.338051", "event_name": "forecast", "text": "Forecasting: 1544/2230", "cpu%": 7.99, "ram_mb": 793.87}
{"timestamp": "2023-01-10 11:46:49.445840", "event_name": "forecast", "text": "Forecasting: 1548/2230", "cpu%": 7.17, "ram_mb": 794.24}
{"timestamp": "2023-01-10 11:46:49.556081", "event_name": "forecast", "text": "Forecasting: 1551/2230", "cpu%": 7.1, "ram_mb": 795.06}
{"timestamp": "2023-01-10 11:46:49.665973", "event_name": "forecast", "text": "Forecasting: 1554/2230", "cpu%": 7.17, "ram_mb": 796.16}
{"timestamp": "2023-01-10 11:46:49.776084", "event_name": "forecast", "text": "Forecasting: 1557/2230", "cpu%": 7.17, "ram_mb": 796.48}
{"timestamp": "2023-01-10 11:46:49.884796", "event_name": "forecast", "text": "Forecasting: 1560/2230", "cpu%": 6.21, "ram_mb": 797.76}
{"timestamp": "2023-01-10 11:46:49.993668", "event_name": "forecast", "text": "Forecasting: 1563/2230", "cpu%": 8.06, "ram_mb": 799.54}
{"timestamp": "2023-01-10 11:46:50.103177", "event_name": "forecast", "text": "Forecasting: 1566/2230", "cpu%": 8.06, "ram_mb": 799.39}
{"timestamp": "2023-01-10 11:46:50.212414", "event_name": "forecast", "text": "Forecasting: 1569/2230", "cpu%": 6.21, "ram_mb": 800.03}
{"timestamp": "2023-01-10 11:46:50.320034", "event_name": "forecast", "text": "Forecasting: 1573/2230", "cpu%": 6.27, "ram_mb": 800.87}
{"timestamp": "2023-01-10 11:46:50.429186", "event_name": "forecast", "text": "Forecasting: 1576/2230", "cpu%": 6.21, "ram_mb": 801.36}
{"timestamp": "2023-01-10 11:46:50.539250", "event_name": "forecast", "text": "Forecasting: 1579/2230", "cpu%": 6.27, "ram_mb": 802.3}
{"timestamp": "2023-01-10 11:46:50.648886", "event_name": "forecast", "text": "Forecasting: 1582/2230", "cpu%": 6.27, "ram_mb": 803.26}
{"timestamp": "2023-01-10 11:46:50.758686", "event_name": "forecast", "text": "Forecasting: 1585/2230", "cpu%": 6.21, "ram_mb": 804.69}
{"timestamp": "2023-01-10 11:46:50.868411", "event_name": "forecast", "text": "Forecasting: 1588/2230", "cpu%": 7.17, "ram_mb": 805.34}
{"timestamp": "2023-01-10 11:46:50.978724", "event_name": "forecast", "text": "Forecasting: 1590/2230", "cpu%": 6.27, "ram_mb": 805.38}
{"timestamp": "2023-01-10 11:46:51.088297", "event_name": "forecast", "text": "Forecasting: 1593/2230", "cpu%": 6.21, "ram_mb": 807.02}
{"timestamp": "2023-01-10 11:46:51.198024", "event_name": "forecast", "text": "Forecasting: 1596/2230", "cpu%": 7.17, "ram_mb": 807.47}
{"timestamp": "2023-01-10 11:46:51.308137", "event_name": "forecast", "text": "Forecasting: 1598/2230", "cpu%": 8.88, "ram_mb": 808.93}
{"timestamp": "2023-01-10 11:46:51.414307", "event_name": "forecast", "text": "Forecasting: 1601/2230", "cpu%": 6.27, "ram_mb": 809.77}
{"timestamp": "2023-01-10 11:46:51.524131", "event_name": "forecast", "text": "Forecasting: 1604/2230", "cpu%": 6.27, "ram_mb": 810.41}
{"timestamp": "2023-01-10 11:46:51.631359", "event_name": "forecast", "text": "Forecasting: 1607/2230", "cpu%": 7.28, "ram_mb": 810.66}
{"timestamp": "2023-01-10 11:46:51.741245", "event_name": "forecast", "text": "Forecasting: 1610/2230", "cpu%": 6.25, "ram_mb": 811.83}
{"timestamp": "2023-01-10 11:46:51.847347", "event_name": "forecast", "text": "Forecasting: 1613/2230", "cpu%": 6.23, "ram_mb": 812.12}
{"timestamp": "2023-01-10 11:46:51.957177", "event_name": "forecast", "text": "Forecasting: 1615/2230", "cpu%": 7.17, "ram_mb": 813.04}
{"timestamp": "2023-01-10 11:46:52.064760", "event_name": "forecast", "text": "Forecasting: 1619/2230", "cpu%": 7.1, "ram_mb": 814.45}
{"timestamp": "2023-01-10 11:46:52.172491", "event_name": "forecast", "text": "Forecasting: 1622/2230", "cpu%": 6.27, "ram_mb": 815.19}
{"timestamp": "2023-01-10 11:46:52.283517", "event_name": "forecast", "text": "Forecasting: 1624/2230", "cpu%": 6.27, "ram_mb": 815.2}
{"timestamp": "2023-01-10 11:46:52.392365", "event_name": "forecast", "text": "Forecasting: 1627/2230", "cpu%": 7.1, "ram_mb": 815.92}
{"timestamp": "2023-01-10 11:46:52.499541", "event_name": "forecast", "text": "Forecasting: 1630/2230", "cpu%": 7.17, "ram_mb": 817.56}
{"timestamp": "2023-01-10 11:46:52.615132", "event_name": "forecast", "text": "Forecasting: 1632/2230", "cpu%": 5.38, "ram_mb": 817.66}
{"timestamp": "2023-01-10 11:46:52.720270", "event_name": "forecast", "text": "Forecasting: 1634/2230", "cpu%": 6.21, "ram_mb": 817.66}
{"timestamp": "2023-01-10 11:46:52.829609", "event_name": "forecast", "text": "Forecasting: 1637/2230", "cpu%": 6.27, "ram_mb": 817.96}
{"timestamp": "2023-01-10 11:46:52.938304", "event_name": "forecast", "text": "Forecasting: 1640/2230", "cpu%": 6.21, "ram_mb": 818.02}
{"timestamp": "2023-01-10 11:46:53.045879", "event_name": "forecast", "text": "Forecasting: 1644/2230", "cpu%": 6.27, "ram_mb": 818.0}
{"timestamp": "2023-01-10 11:46:53.153919", "event_name": "forecast", "text": "Forecasting: 1647/2230", "cpu%": 6.27, "ram_mb": 818.23}
{"timestamp": "2023-01-10 11:46:53.265708", "event_name": "forecast", "text": "Forecasting: 1650/2230", "cpu%": 7.1, "ram_mb": 818.23}
{"timestamp": "2023-01-10 11:46:53.375033", "event_name": "forecast", "text": "Forecasting: 1653/2230", "cpu%": 7.17, "ram_mb": 818.48}
{"timestamp": "2023-01-10 11:46:53.482938", "event_name": "forecast", "text": "Forecasting: 1656/2230", "cpu%": 6.27, "ram_mb": 818.77}
{"timestamp": "2023-01-10 11:46:53.590017", "event_name": "forecast", "text": "Forecasting: 1659/2230", "cpu%": 7.1, "ram_mb": 819.03}
{"timestamp": "2023-01-10 11:46:53.699883", "event_name": "forecast", "text": "Forecasting: 1662/2230", "cpu%": 8.06, "ram_mb": 819.54}
{"timestamp": "2023-01-10 11:46:53.811134", "event_name": "forecast", "text": "Forecasting: 1665/2230", "cpu%": 10.66, "ram_mb": 819.54}
{"timestamp": "2023-01-10 11:46:53.922840", "event_name": "forecast", "text": "Forecasting: 1668/2230", "cpu%": 7.17, "ram_mb": 820.28}
{"timestamp": "2023-01-10 11:46:54.032612", "event_name": "forecast", "text": "Forecasting: 1671/2230", "cpu%": 7.17, "ram_mb": 820.57}
{"timestamp": "2023-01-10 11:46:54.142959", "event_name": "forecast", "text": "Forecasting: 1674/2230", "cpu%": 7.1, "ram_mb": 821.11}
{"timestamp": "2023-01-10 11:46:54.252118", "event_name": "forecast", "text": "Forecasting: 1677/2230", "cpu%": 8.96, "ram_mb": 821.28}
{"timestamp": "2023-01-10 11:46:54.361247", "event_name": "forecast", "text": "Forecasting: 1681/2230", "cpu%": 7.17, "ram_mb": 821.09}
{"timestamp": "2023-01-10 11:46:54.470175", "event_name": "forecast", "text": "Forecasting: 1683/2230", "cpu%": 6.21, "ram_mb": 821.4}
{"timestamp": "2023-01-10 11:46:54.578273", "event_name": "forecast", "text": "Forecasting: 1685/2230", "cpu%": 7.17, "ram_mb": 821.9}
{"timestamp": "2023-01-10 11:46:54.688533", "event_name": "forecast", "text": "Forecasting: 1688/2230", "cpu%": 8.88, "ram_mb": 822.72}
{"timestamp": "2023-01-10 11:46:54.798810", "event_name": "forecast", "text": "Forecasting: 1692/2230", "cpu%": 6.27, "ram_mb": 822.91}
{"timestamp": "2023-01-10 11:46:54.906972", "event_name": "forecast", "text": "Forecasting: 1695/2230", "cpu%": 6.27, "ram_mb": 823.67}
{"timestamp": "2023-01-10 11:46:55.016050", "event_name": "forecast", "text": "Forecasting: 1698/2230", "cpu%": 6.21, "ram_mb": 824.02}
{"timestamp": "2023-01-10 11:46:55.121743", "event_name": "forecast", "text": "Forecasting: 1700/2230", "cpu%": 8.06, "ram_mb": 825.13}
{"timestamp": "2023-01-10 11:46:55.231022", "event_name": "forecast", "text": "Forecasting: 1703/2230", "cpu%": 6.27, "ram_mb": 825.71}
{"timestamp": "2023-01-10 11:46:55.340287", "event_name": "forecast", "text": "Forecasting: 1706/2230", "cpu%": 6.21, "ram_mb": 826.09}
{"timestamp": "2023-01-10 11:46:55.446336", "event_name": "forecast", "text": "Forecasting: 1709/2230", "cpu%": 7.17, "ram_mb": 826.34}
{"timestamp": "2023-01-10 11:46:55.555090", "event_name": "forecast", "text": "Forecasting: 1712/2230", "cpu%": 7.1, "ram_mb": 826.83}
{"timestamp": "2023-01-10 11:46:55.663248", "event_name": "forecast", "text": "Forecasting: 1715/2230", "cpu%": 7.17, "ram_mb": 827.9}
{"timestamp": "2023-01-10 11:46:55.773813", "event_name": "forecast", "text": "Forecasting: 1718/2230", "cpu%": 6.27, "ram_mb": 828.04}
{"timestamp": "2023-01-10 11:46:55.880456", "event_name": "forecast", "text": "Forecasting: 1722/2230", "cpu%": 6.23, "ram_mb": 829.29}
{"timestamp": "2023-01-10 11:46:55.988814", "event_name": "forecast", "text": "Forecasting: 1724/2230", "cpu%": 6.27, "ram_mb": 830.32}
{"timestamp": "2023-01-10 11:46:56.096110", "event_name": "forecast", "text": "Forecasting: 1726/2230", "cpu%": 6.21, "ram_mb": 830.24}
{"timestamp": "2023-01-10 11:46:56.206361", "event_name": "forecast", "text": "Forecasting: 1729/2230", "cpu%": 6.27, "ram_mb": 830.41}
{"timestamp": "2023-01-10 11:46:56.314270", "event_name": "forecast", "text": "Forecasting: 1732/2230", "cpu%": 9.77, "ram_mb": 831.57}
{"timestamp": "2023-01-10 11:46:56.423328", "event_name": "forecast", "text": "Forecasting: 1735/2230", "cpu%": 7.17, "ram_mb": 832.27}
{"timestamp": "2023-01-10 11:46:56.532588", "event_name": "forecast", "text": "Forecasting: 1738/2230", "cpu%": 7.17, "ram_mb": 833.07}
{"timestamp": "2023-01-10 11:46:56.640466", "event_name": "forecast", "text": "Forecasting: 1741/2230", "cpu%": 7.1, "ram_mb": 834.0}
{"timestamp": "2023-01-10 11:46:56.751589", "event_name": "forecast", "text": "Forecasting: 1744/2230", "cpu%": 6.27, "ram_mb": 834.61}
{"timestamp": "2023-01-10 11:46:56.859537", "event_name": "forecast", "text": "Forecasting: 1747/2230", "cpu%": 8.06, "ram_mb": 835.15}
{"timestamp": "2023-01-10 11:46:56.969502", "event_name": "forecast", "text": "Forecasting: 1750/2230", "cpu%": 5.33, "ram_mb": 835.66}
{"timestamp": "2023-01-10 11:46:57.079333", "event_name": "forecast", "text": "Forecasting: 1753/2230", "cpu%": 8.96, "ram_mb": 837.38}
{"timestamp": "2023-01-10 11:46:57.189391", "event_name": "forecast", "text": "Forecasting: 1756/2230", "cpu%": 6.21, "ram_mb": 837.96}
{"timestamp": "2023-01-10 11:46:57.298726", "event_name": "forecast", "text": "Forecasting: 1759/2230", "cpu%": 6.27, "ram_mb": 839.03}
{"timestamp": "2023-01-10 11:46:57.409113", "event_name": "forecast", "text": "Forecasting: 1763/2230", "cpu%": 7.17, "ram_mb": 840.07}
{"timestamp": "2023-01-10 11:46:57.515783", "event_name": "forecast", "text": "Forecasting: 1766/2230", "cpu%": 6.21, "ram_mb": 840.17}
{"timestamp": "2023-01-10 11:46:57.625000", "event_name": "forecast", "text": "Forecasting: 1769/2230", "cpu%": 6.27, "ram_mb": 841.25}
{"timestamp": "2023-01-10 11:46:57.733525", "event_name": "forecast", "text": "Forecasting: 1772/2230", "cpu%": 6.27, "ram_mb": 842.82}
{"timestamp": "2023-01-10 11:46:57.843344", "event_name": "forecast", "text": "Forecasting: 1775/2230", "cpu%": 8.88, "ram_mb": 843.39}
{"timestamp": "2023-01-10 11:46:57.950948", "event_name": "forecast", "text": "Forecasting: 1778/2230", "cpu%": 6.27, "ram_mb": 844.36}
{"timestamp": "2023-01-10 11:46:58.059711", "event_name": "forecast", "text": "Forecasting: 1781/2230", "cpu%": 5.33, "ram_mb": 845.85}
{"timestamp": "2023-01-10 11:46:58.170575", "event_name": "forecast", "text": "Forecasting: 1784/2230", "cpu%": 9.86, "ram_mb": 846.64}
{"timestamp": "2023-01-10 11:46:58.279603", "event_name": "forecast", "text": "Forecasting: 1787/2230", "cpu%": 6.27, "ram_mb": 846.64}
{"timestamp": "2023-01-10 11:46:58.388523", "event_name": "forecast", "text": "Forecasting: 1790/2230", "cpu%": 7.1, "ram_mb": 847.16}
{"timestamp": "2023-01-10 11:46:58.497572", "event_name": "forecast", "text": "Forecasting: 1793/2230", "cpu%": 6.27, "ram_mb": 847.66}
{"timestamp": "2023-01-10 11:46:58.606754", "event_name": "forecast", "text": "Forecasting: 1796/2230", "cpu%": 7.17, "ram_mb": 848.75}
{"timestamp": "2023-01-10 11:46:58.717885", "event_name": "forecast", "text": "Forecasting: 1799/2230", "cpu%": 7.1, "ram_mb": 849.97}
{"timestamp": "2023-01-10 11:46:58.828592", "event_name": "forecast", "text": "Forecasting: 1802/2230", "cpu%": 6.27, "ram_mb": 850.92}
{"timestamp": "2023-01-10 11:46:58.937585", "event_name": "forecast", "text": "Forecasting: 1806/2230", "cpu%": 8.88, "ram_mb": 850.91}
{"timestamp": "2023-01-10 11:46:59.046948", "event_name": "forecast", "text": "Forecasting: 1809/2230", "cpu%": 8.96, "ram_mb": 851.66}
{"timestamp": "2023-01-10 11:46:59.156533", "event_name": "forecast", "text": "Forecasting: 1812/2230", "cpu%": 7.17, "ram_mb": 852.92}
{"timestamp": "2023-01-10 11:46:59.265623", "event_name": "forecast", "text": "Forecasting: 1815/2230", "cpu%": 6.21, "ram_mb": 853.78}
{"timestamp": "2023-01-10 11:46:59.371392", "event_name": "forecast", "text": "Forecasting: 1818/2230", "cpu%": 8.06, "ram_mb": 855.12}
{"timestamp": "2023-01-10 11:46:59.481133", "event_name": "forecast", "text": "Forecasting: 1821/2230", "cpu%": 6.27, "ram_mb": 856.47}
{"timestamp": "2023-01-10 11:46:59.590233", "event_name": "forecast", "text": "Forecasting: 1825/2230", "cpu%": 7.1, "ram_mb": 857.0}
{"timestamp": "2023-01-10 11:46:59.699806", "event_name": "forecast", "text": "Forecasting: 1828/2230", "cpu%": 6.27, "ram_mb": 857.32}
{"timestamp": "2023-01-10 11:46:59.809720", "event_name": "forecast", "text": "Forecasting: 1831/2230", "cpu%": 7.1, "ram_mb": 858.35}
{"timestamp": "2023-01-10 11:46:59.918221", "event_name": "forecast", "text": "Forecasting: 1834/2230", "cpu%": 6.27, "ram_mb": 859.05}
{"timestamp": "2023-01-10 11:47:00.027624", "event_name": "forecast", "text": "Forecasting: 1837/2230", "cpu%": 7.17, "ram_mb": 860.27}
{"timestamp": "2023-01-10 11:47:00.138565", "event_name": "forecast", "text": "Forecasting: 1841/2230", "cpu%": 7.1, "ram_mb": 860.66}
{"timestamp": "2023-01-10 11:47:00.246215", "event_name": "forecast", "text": "Forecasting: 1844/2230", "cpu%": 8.06, "ram_mb": 861.43}
{"timestamp": "2023-01-10 11:47:00.356247", "event_name": "forecast", "text": "Forecasting: 1847/2230", "cpu%": 6.27, "ram_mb": 862.27}
{"timestamp": "2023-01-10 11:47:00.462391", "event_name": "forecast", "text": "Forecasting: 1850/2230", "cpu%": 6.21, "ram_mb": 863.55}
{"timestamp": "2023-01-10 11:47:00.571721", "event_name": "forecast", "text": "Forecasting: 1853/2230", "cpu%": 7.17, "ram_mb": 864.07}
{"timestamp": "2023-01-10 11:47:00.680117", "event_name": "forecast", "text": "Forecasting: 1856/2230", "cpu%": 6.21, "ram_mb": 865.02}
{"timestamp": "2023-01-10 11:47:00.790502", "event_name": "forecast", "text": "Forecasting: 1859/2230", "cpu%": 8.06, "ram_mb": 865.66}
{"timestamp": "2023-01-10 11:47:00.898270", "event_name": "forecast", "text": "Forecasting: 1861/2230", "cpu%": 6.27, "ram_mb": 866.45}
{"timestamp": "2023-01-10 11:47:01.007873", "event_name": "forecast", "text": "Forecasting: 1864/2230", "cpu%": 7.99, "ram_mb": 867.52}
{"timestamp": "2023-01-10 11:47:01.116235", "event_name": "forecast", "text": "Forecasting: 1867/2230", "cpu%": 8.96, "ram_mb": 868.88}
{"timestamp": "2023-01-10 11:47:01.226334", "event_name": "forecast", "text": "Forecasting: 1871/2230", "cpu%": 7.17, "ram_mb": 868.97}
{"timestamp": "2023-01-10 11:47:01.336779", "event_name": "forecast", "text": "Forecasting: 1874/2230", "cpu%": 7.1, "ram_mb": 869.41}
{"timestamp": "2023-01-10 11:47:01.446785", "event_name": "forecast", "text": "Forecasting: 1877/2230", "cpu%": 6.27, "ram_mb": 870.49}
{"timestamp": "2023-01-10 11:47:01.553925", "event_name": "forecast", "text": "Forecasting: 1880/2230", "cpu%": 6.21, "ram_mb": 871.68}
{"timestamp": "2023-01-10 11:47:01.662159", "event_name": "forecast", "text": "Forecasting: 1882/2230", "cpu%": 6.3, "ram_mb": 871.95}
{"timestamp": "2023-01-10 11:47:01.771612", "event_name": "forecast", "text": "Forecasting: 1885/2230", "cpu%": 7.1, "ram_mb": 872.9}
{"timestamp": "2023-01-10 11:47:01.881231", "event_name": "forecast", "text": "Forecasting: 1888/2230", "cpu%": 6.27, "ram_mb": 873.21}
{"timestamp": "2023-01-10 11:47:01.992406", "event_name": "forecast", "text": "Forecasting: 1891/2230", "cpu%": 6.25, "ram_mb": 874.11}
{"timestamp": "2023-01-10 11:47:02.102073", "event_name": "forecast", "text": "Forecasting: 1894/2230", "cpu%": 6.27, "ram_mb": 875.07}
{"timestamp": "2023-01-10 11:47:02.209957", "event_name": "forecast", "text": "Forecasting: 1897/2230", "cpu%": 7.1, "ram_mb": 876.26}
{"timestamp": "2023-01-10 11:47:02.316559", "event_name": "forecast", "text": "Forecasting: 1900/2230", "cpu%": 8.31, "ram_mb": 876.72}
{"timestamp": "2023-01-10 11:47:02.425346", "event_name": "forecast", "text": "Forecasting: 1903/2230", "cpu%": 6.27, "ram_mb": 877.11}
{"timestamp": "2023-01-10 11:47:02.533136", "event_name": "forecast", "text": "Forecasting: 1906/2230", "cpu%": 6.27, "ram_mb": 878.24}
{"timestamp": "2023-01-10 11:47:02.640919", "event_name": "forecast", "text": "Forecasting: 1909/2230", "cpu%": 6.21, "ram_mb": 879.01}
{"timestamp": "2023-01-10 11:47:02.749709", "event_name": "forecast", "text": "Forecasting: 1912/2230", "cpu%": 7.17, "ram_mb": 879.31}
{"timestamp": "2023-01-10 11:47:02.857711", "event_name": "forecast", "text": "Forecasting: 1915/2230", "cpu%": 7.17, "ram_mb": 880.34}
{"timestamp": "2023-01-10 11:47:02.967365", "event_name": "forecast", "text": "Forecasting: 1918/2230", "cpu%": 7.1, "ram_mb": 881.86}
{"timestamp": "2023-01-10 11:47:03.075604", "event_name": "forecast", "text": "Forecasting: 1921/2230", "cpu%": 7.17, "ram_mb": 882.04}
{"timestamp": "2023-01-10 11:47:03.185248", "event_name": "forecast", "text": "Forecasting: 1924/2230", "cpu%": 6.21, "ram_mb": 882.85}
{"timestamp": "2023-01-10 11:47:03.295105", "event_name": "forecast", "text": "Forecasting: 1927/2230", "cpu%": 7.17, "ram_mb": 884.23}
{"timestamp": "2023-01-10 11:47:03.403875", "event_name": "forecast", "text": "Forecasting: 1930/2230", "cpu%": 6.27, "ram_mb": 884.55}
{"timestamp": "2023-01-10 11:47:03.511860", "event_name": "forecast", "text": "Forecasting: 1933/2230", "cpu%": 6.21, "ram_mb": 885.73}
{"timestamp": "2023-01-10 11:47:03.620615", "event_name": "forecast", "text": "Forecasting: 1937/2230", "cpu%": 7.17, "ram_mb": 886.87}
{"timestamp": "2023-01-10 11:47:03.729868", "event_name": "forecast", "text": "Forecasting: 1939/2230", "cpu%": 6.27, "ram_mb": 887.23}
{"timestamp": "2023-01-10 11:47:03.839688", "event_name": "forecast", "text": "Forecasting: 1942/2230", "cpu%": 6.21, "ram_mb": 887.61}
{"timestamp": "2023-01-10 11:47:03.948571", "event_name": "forecast", "text": "Forecasting: 1945/2230", "cpu%": 8.06, "ram_mb": 888.98}
{"timestamp": "2023-01-10 11:47:04.056592", "event_name": "forecast", "text": "Forecasting: 1948/2230", "cpu%": 13.32, "ram_mb": 889.23}
{"timestamp": "2023-01-10 11:47:04.166478", "event_name": "forecast", "text": "Forecasting: 1951/2230", "cpu%": 7.17, "ram_mb": 889.93}
{"timestamp": "2023-01-10 11:47:04.274234", "event_name": "forecast", "text": "Forecasting: 1954/2230", "cpu%": 6.27, "ram_mb": 890.98}
{"timestamp": "2023-01-10 11:47:04.382194", "event_name": "forecast", "text": "Forecasting: 1957/2230", "cpu%": 6.21, "ram_mb": 891.49}
{"timestamp": "2023-01-10 11:47:04.492535", "event_name": "forecast", "text": "Forecasting: 1960/2230", "cpu%": 8.06, "ram_mb": 893.36}
{"timestamp": "2023-01-10 11:47:04.600804", "event_name": "forecast", "text": "Forecasting: 1964/2230", "cpu%": 6.27, "ram_mb": 893.88}
{"timestamp": "2023-01-10 11:47:04.708328", "event_name": "forecast", "text": "Forecasting: 1967/2230", "cpu%": 6.23, "ram_mb": 894.5}
{"timestamp": "2023-01-10 11:47:04.818187", "event_name": "forecast", "text": "Forecasting: 1970/2230", "cpu%": 5.33, "ram_mb": 895.21}
{"timestamp": "2023-01-10 11:47:04.926806", "event_name": "forecast", "text": "Forecasting: 1972/2230", "cpu%": 8.96, "ram_mb": 896.66}
{"timestamp": "2023-01-10 11:47:05.036096", "event_name": "forecast", "text": "Forecasting: 1975/2230", "cpu%": 8.06, "ram_mb": 897.19}
{"timestamp": "2023-01-10 11:47:05.147404", "event_name": "forecast", "text": "Forecasting: 1978/2230", "cpu%": 6.25, "ram_mb": 897.49}
{"timestamp": "2023-01-10 11:47:05.258089", "event_name": "forecast", "text": "Forecasting: 1981/2230", "cpu%": 7.1, "ram_mb": 898.48}
{"timestamp": "2023-01-10 11:47:05.368496", "event_name": "forecast", "text": "Forecasting: 1985/2230", "cpu%": 6.27, "ram_mb": 899.15}
{"timestamp": "2023-01-10 11:47:05.480136", "event_name": "forecast", "text": "Forecasting: 1988/2230", "cpu%": 6.27, "ram_mb": 899.41}
{"timestamp": "2023-01-10 11:47:05.591224", "event_name": "forecast", "text": "Forecasting: 1991/2230", "cpu%": 6.21, "ram_mb": 900.56}
{"timestamp": "2023-01-10 11:47:05.699235", "event_name": "forecast", "text": "Forecasting: 1994/2230", "cpu%": 7.17, "ram_mb": 902.62}
{"timestamp": "2023-01-10 11:47:05.809654", "event_name": "forecast", "text": "Forecasting: 1997/2230", "cpu%": 6.21, "ram_mb": 902.74}
{"timestamp": "2023-01-10 11:47:05.919062", "event_name": "forecast", "text": "Forecasting: 2001/2230", "cpu%": 9.86, "ram_mb": 902.84}
{"timestamp": "2023-01-10 11:47:06.027708", "event_name": "forecast", "text": "Forecasting: 2003/2230", "cpu%": 9.86, "ram_mb": 904.45}
{"timestamp": "2023-01-10 11:47:06.135040", "event_name": "forecast", "text": "Forecasting: 2006/2230", "cpu%": 6.21, "ram_mb": 905.0}
{"timestamp": "2023-01-10 11:47:06.245794", "event_name": "forecast", "text": "Forecasting: 2009/2230", "cpu%": 8.96, "ram_mb": 905.93}
{"timestamp": "2023-01-10 11:47:06.355002", "event_name": "forecast", "text": "Forecasting: 2012/2230", "cpu%": 7.17, "ram_mb": 906.61}
{"timestamp": "2023-01-10 11:47:06.465162", "event_name": "forecast", "text": "Forecasting: 2015/2230", "cpu%": 7.1, "ram_mb": 907.37}
{"timestamp": "2023-01-10 11:47:06.572543", "event_name": "forecast", "text": "Forecasting: 2019/2230", "cpu%": 9.86, "ram_mb": 908.16}
{"timestamp": "2023-01-10 11:47:06.683636", "event_name": "forecast", "text": "Forecasting: 2022/2230", "cpu%": 6.21, "ram_mb": 909.59}
{"timestamp": "2023-01-10 11:47:06.794873", "event_name": "forecast", "text": "Forecasting: 2025/2230", "cpu%": 7.17, "ram_mb": 910.53}
{"timestamp": "2023-01-10 11:47:06.901187", "event_name": "forecast", "text": "Forecasting: 2027/2230", "cpu%": 9.86, "ram_mb": 911.09}
{"timestamp": "2023-01-10 11:47:07.008227", "event_name": "forecast", "text": "Forecasting: 2030/2230", "cpu%": 6.21, "ram_mb": 911.91}
{"timestamp": "2023-01-10 11:47:07.116048", "event_name": "forecast", "text": "Forecasting: 2033/2230", "cpu%": 7.35, "ram_mb": 912.79}
{"timestamp": "2023-01-10 11:47:07.221948", "event_name": "forecast", "text": "Forecasting: 2036/2230", "cpu%": 6.21, "ram_mb": 913.38}
{"timestamp": "2023-01-10 11:47:07.330278", "event_name": "forecast", "text": "Forecasting: 2039/2230", "cpu%": 7.17, "ram_mb": 914.0}
{"timestamp": "2023-01-10 11:47:07.438473", "event_name": "forecast", "text": "Forecasting: 2042/2230", "cpu%": 6.21, "ram_mb": 915.13}
{"timestamp": "2023-01-10 11:47:07.547128", "event_name": "forecast", "text": "Forecasting: 2045/2230", "cpu%": 7.17, "ram_mb": 915.47}
{"timestamp": "2023-01-10 11:47:07.656414", "event_name": "forecast", "text": "Forecasting: 2048/2230", "cpu%": 6.27, "ram_mb": 916.16}
{"timestamp": "2023-01-10 11:47:07.766717", "event_name": "forecast", "text": "Forecasting: 2051/2230", "cpu%": 6.21, "ram_mb": 917.54}
{"timestamp": "2023-01-10 11:47:07.875660", "event_name": "forecast", "text": "Forecasting: 2054/2230", "cpu%": 6.27, "ram_mb": 917.93}
{"timestamp": "2023-01-10 11:47:07.986139", "event_name": "forecast", "text": "Forecasting: 2057/2230", "cpu%": 6.27, "ram_mb": 918.77}
{"timestamp": "2023-01-10 11:47:08.097378", "event_name": "forecast", "text": "Forecasting: 2060/2230", "cpu%": 6.21, "ram_mb": 919.96}
{"timestamp": "2023-01-10 11:47:08.206159", "event_name": "forecast", "text": "Forecasting: 2063/2230", "cpu%": 7.17, "ram_mb": 920.41}
{"timestamp": "2023-01-10 11:47:08.314940", "event_name": "forecast", "text": "Forecasting: 2066/2230", "cpu%": 6.21, "ram_mb": 921.46}
{"timestamp": "2023-01-10 11:47:08.424560", "event_name": "forecast", "text": "Forecasting: 2069/2230", "cpu%": 7.17, "ram_mb": 922.49}
{"timestamp": "2023-01-10 11:47:08.532272", "event_name": "forecast", "text": "Forecasting: 2072/2230", "cpu%": 6.27, "ram_mb": 923.05}
{"timestamp": "2023-01-10 11:47:08.639628", "event_name": "forecast", "text": "Forecasting: 2075/2230", "cpu%": 6.21, "ram_mb": 923.72}
{"timestamp": "2023-01-10 11:47:08.750532", "event_name": "forecast", "text": "Forecasting: 2079/2230", "cpu%": 7.17, "ram_mb": 923.99}
{"timestamp": "2023-01-10 11:47:08.859666", "event_name": "forecast", "text": "Forecasting: 2082/2230", "cpu%": 6.27, "ram_mb": 925.41}
{"timestamp": "2023-01-10 11:47:08.969282", "event_name": "forecast", "text": "Forecasting: 2085/2230", "cpu%": 6.21, "ram_mb": 926.04}
{"timestamp": "2023-01-10 11:47:09.079088", "event_name": "forecast", "text": "Forecasting: 2087/2230", "cpu%": 7.17, "ram_mb": 927.18}
{"timestamp": "2023-01-10 11:47:09.187372", "event_name": "forecast", "text": "Forecasting: 2090/2230", "cpu%": 7.1, "ram_mb": 928.5}
{"timestamp": "2023-01-10 11:47:09.296123", "event_name": "forecast", "text": "Forecasting: 2093/2230", "cpu%": 6.27, "ram_mb": 928.77}
{"timestamp": "2023-01-10 11:47:09.405295", "event_name": "forecast", "text": "Forecasting: 2097/2230", "cpu%": 6.27, "ram_mb": 930.39}
{"timestamp": "2023-01-10 11:47:09.514259", "event_name": "forecast", "text": "Forecasting: 2100/2230", "cpu%": 6.21, "ram_mb": 930.71}
{"timestamp": "2023-01-10 11:47:09.623543", "event_name": "forecast", "text": "Forecasting: 2103/2230", "cpu%": 8.06, "ram_mb": 931.61}
{"timestamp": "2023-01-10 11:47:09.733365", "event_name": "forecast", "text": "Forecasting: 2106/2230", "cpu%": 6.27, "ram_mb": 932.75}
{"timestamp": "2023-01-10 11:47:09.840909", "event_name": "forecast", "text": "Forecasting: 2110/2230", "cpu%": 6.21, "ram_mb": 933.57}
{"timestamp": "2023-01-10 11:47:09.951223", "event_name": "forecast", "text": "Forecasting: 2113/2230", "cpu%": 6.27, "ram_mb": 933.89}
{"timestamp": "2023-01-10 11:47:10.061325", "event_name": "forecast", "text": "Forecasting: 2116/2230", "cpu%": 7.1, "ram_mb": 934.37}
{"timestamp": "2023-01-10 11:47:10.169721", "event_name": "forecast", "text": "Forecasting: 2119/2230", "cpu%": 6.27, "ram_mb": 934.89}
{"timestamp": "2023-01-10 11:47:10.279223", "event_name": "forecast", "text": "Forecasting: 2122/2230", "cpu%": 7.17, "ram_mb": 935.41}
{"timestamp": "2023-01-10 11:47:10.387607", "event_name": "forecast", "text": "Forecasting: 2125/2230", "cpu%": 6.21, "ram_mb": 937.02}
{"timestamp": "2023-01-10 11:47:10.495991", "event_name": "forecast", "text": "Forecasting: 2128/2230", "cpu%": 6.27, "ram_mb": 938.27}
{"timestamp": "2023-01-10 11:47:10.605225", "event_name": "forecast", "text": "Forecasting: 2131/2230", "cpu%": 6.27, "ram_mb": 938.92}
{"timestamp": "2023-01-10 11:47:10.714511", "event_name": "forecast", "text": "Forecasting: 2135/2230", "cpu%": 6.21, "ram_mb": 939.91}
{"timestamp": "2023-01-10 11:47:10.825740", "event_name": "forecast", "text": "Forecasting: 2138/2230", "cpu%": 6.27, "ram_mb": 940.77}
{"timestamp": "2023-01-10 11:47:10.934458", "event_name": "forecast", "text": "Forecasting: 2141/2230", "cpu%": 7.1, "ram_mb": 941.02}
{"timestamp": "2023-01-10 11:47:11.044987", "event_name": "forecast", "text": "Forecasting: 2144/2230", "cpu%": 7.17, "ram_mb": 942.42}
{"timestamp": "2023-01-10 11:47:11.153851", "event_name": "forecast", "text": "Forecasting: 2147/2230", "cpu%": 10.75, "ram_mb": 942.8}
{"timestamp": "2023-01-10 11:47:11.263188", "event_name": "forecast", "text": "Forecasting: 2151/2230", "cpu%": 6.21, "ram_mb": 943.09}
{"timestamp": "2023-01-10 11:47:11.372064", "event_name": "forecast", "text": "Forecasting: 2154/2230", "cpu%": 7.17, "ram_mb": 944.18}
{"timestamp": "2023-01-10 11:47:11.482334", "event_name": "forecast", "text": "Forecasting: 2157/2230", "cpu%": 7.17, "ram_mb": 944.89}
{"timestamp": "2023-01-10 11:47:11.591199", "event_name": "forecast", "text": "Forecasting: 2160/2230", "cpu%": 7.1, "ram_mb": 945.28}
{"timestamp": "2023-01-10 11:47:11.699808", "event_name": "forecast", "text": "Forecasting: 2163/2230", "cpu%": 6.27, "ram_mb": 946.49}
{"timestamp": "2023-01-10 11:47:11.807870", "event_name": "forecast", "text": "Forecasting: 2166/2230", "cpu%": 8.88, "ram_mb": 947.76}
{"timestamp": "2023-01-10 11:47:11.917889", "event_name": "forecast", "text": "Forecasting: 2169/2230", "cpu%": 6.27, "ram_mb": 948.02}
{"timestamp": "2023-01-10 11:47:12.027306", "event_name": "forecast", "text": "Forecasting: 2172/2230", "cpu%": 6.27, "ram_mb": 948.82}
{"timestamp": "2023-01-10 11:47:12.137361", "event_name": "forecast", "text": "Forecasting: 2175/2230", "cpu%": 7.1, "ram_mb": 949.54}
{"timestamp": "2023-01-10 11:47:12.244077", "event_name": "forecast", "text": "Forecasting: 2178/2230", "cpu%": 6.27, "ram_mb": 950.67}
{"timestamp": "2023-01-10 11:47:12.354015", "event_name": "forecast", "text": "Forecasting: 2181/2230", "cpu%": 6.27, "ram_mb": 950.99}
{"timestamp": "2023-01-10 11:47:12.463390", "event_name": "forecast", "text": "Forecasting: 2185/2230", "cpu%": 6.21, "ram_mb": 951.71}
{"timestamp": "2023-01-10 11:47:12.571896", "event_name": "forecast", "text": "Forecasting: 2188/2230", "cpu%": 6.27, "ram_mb": 952.34}
{"timestamp": "2023-01-10 11:47:12.681094", "event_name": "forecast", "text": "Forecasting: 2191/2230", "cpu%": 6.21, "ram_mb": 953.17}
{"timestamp": "2023-01-10 11:47:12.790118", "event_name": "forecast", "text": "Forecasting: 2194/2230", "cpu%": 6.27, "ram_mb": 954.73}
{"timestamp": "2023-01-10 11:47:12.898966", "event_name": "forecast", "text": "Forecasting: 2197/2230", "cpu%": 6.27, "ram_mb": 955.0}
{"timestamp": "2023-01-10 11:47:13.009893", "event_name": "forecast", "text": "Forecasting: 2200/2230", "cpu%": 6.21, "ram_mb": 956.71}
{"timestamp": "2023-01-10 11:47:13.121693", "event_name": "forecast", "text": "Forecasting: 2204/2230", "cpu%": 7.17, "ram_mb": 958.05}
{"timestamp": "2023-01-10 11:47:13.233118", "event_name": "forecast", "text": "Forecasting: 2207/2230", "cpu%": 7.17, "ram_mb": 958.73}
{"timestamp": "2023-01-10 11:47:13.340302", "event_name": "forecast", "text": "Forecasting: 2210/2230", "cpu%": 7.1, "ram_mb": 958.87}
{"timestamp": "2023-01-10 11:47:13.448567", "event_name": "forecast", "text": "Forecasting: 2213/2230", "cpu%": 6.27, "ram_mb": 960.26}
{"timestamp": "2023-01-10 11:47:13.556204", "event_name": "forecast", "text": "Forecasting: 2216/2230", "cpu%": 6.21, "ram_mb": 961.57}
{"timestamp": "2023-01-10 11:47:13.664776", "event_name": "forecast", "text": "Forecasting: 2219/2230", "cpu%": 8.96, "ram_mb": 962.19}
{"timestamp": "2023-01-10 11:47:13.775482", "event_name": "forecast", "text": "Forecasting: 2222/2230", "cpu%": 7.17, "ram_mb": 962.98}
{"timestamp": "2023-01-10 11:47:13.885189", "event_name": "forecast", "text": "Forecasting: 2225/2230", "cpu%": 6.21, "ram_mb": 963.36}
{"timestamp": "2023-01-10 11:47:13.992864", "event_name": "forecast", "text": "Forecasting: 2228/2230", "cpu%": 6.27, "ram_mb": 963.62}
